[2026-06-21 12:11:48] [INFO] DSS SA2 social-security acquisition and join
[2026-06-21 12:11:48] [INFO] Project root: D:\Good Measure\MentalWellbeingbyGeography
[2026-06-21 12:11:48] [INFO] Log path: D:\Good Measure\MentalWellbeingbyGeography\outputs\logs\16_acquire_join_dss_sa2_social_security_20260621_121148.log
[2026-06-21 12:11:48] [INFO] Base master: D:\Good Measure\MentalWellbeingbyGeography\data\processed\integrated\sa2_predictor_universe_v05_with_phn_lga_context.parquet
[2026-06-21 12:11:48] [INFO] Using cached file: D:\Good Measure\MentalWellbeingbyGeography\data\raw\dss\dss_payments_2016_sa2_jun_2019_to_mar_2023_map_historic.csv
[2026-06-21 12:11:48] [INFO] Reading DSS raw CSV
[2026-06-21 12:11:48] [INFO] Raw DSS rows: 38,964; columns: 29
[2026-06-21 12:11:58] [INFO] Period column candidates:
column_name normalised_column_name  parse_rate_sample  period_count_sample period_min_sample period_max_sample                                                                                                         sample_values
       date                   date                1.0                   11        2019-03-01        2021-09-01 2019-03 | 2019-03 | 2019-03 | 2019-03 | 2019-03 | 2019-03 | 2019-03 | 2019-03 | 2019-03 | 2019-03 | 2019-03 | 2019-03
[2026-06-21 12:11:58] [INFO] Detected key columns:
    detected_role         column_name
       period_col                date
sa2_2016_code_col sa2_5digitcode_2016
[2026-06-21 12:12:11] [INFO] Available DSS periods:
reference_period  row_count  within_target_window  absolute_days_from_target
      2019-03-01       2292                 False                       1036
      2019-06-01       2292                 False                        944
      2019-09-01       2292                 False                        852
      2019-12-01       2292                 False                        761
      2020-03-01       2292                 False                        670
      2020-06-01       2292                 False                        578
      2020-09-01       2292                 False                        486
      2020-12-01       2292                 False                        395
      2021-03-01       2292                  True                        305
      2021-06-01       2292                  True                        213
      2021-09-01       2292                  True                        121
      2021-12-01       2292                  True                         30
      2022-03-01       2292                  True                         60
      2022-06-01       2292                  True                        152
      2022-09-01       2292                 False                        244
      2022-12-01       2292                 False                        335
      2023-03-01       2292                 False                        425
[2026-06-21 12:12:11] [INFO] Selected DSS reference period: 2021-12-01 with 2,292 rows
[2026-06-21 12:12:11] [INFO] Detected DSS wide payment columns:
                                  source_column_name                             normalised_column_name                  matched_concept  numeric_parse_rate  non_missing_count  numeric_total_selected_period  selected_as_payment_count_column                                        output_slug                                                                                                                sample_values
                      ABSTUDY (Non-living allowance)                       abstudy_non_living_allowance                          abstudy                 1.0               2292                   1.925900e+04                                 1                       abstudy_non_living_allowance                                                                                               0 | 13 | 7 | 0 | 0 | 5 | 0 | 0
                          ABSTUDY (Living allowance)                           abstudy_living_allowance                          abstudy                 1.0               2292                   9.537000e+03                                 1                           abstudy_living_allowance                                                                                                0 | 6 | 0 | 5 | 0 | 5 | 0 | 0
                                         Age Pension                                        age_pension                      age_pension                 1.0               2292                   2.470360e+06                                 1                                        age_pension                                                                              516 | 727 | 1115 | 317 | 921 | 533 | 351 | 1025
               Wife Pension (Partner on Age Pension)                wife_pension_partner_on_age_pension                      age_pension                 1.0               2292                   0.000000e+00                                 1                wife_pension_partner_on_age_pension                                                                                                0 | 0 | 0 | 0 | 0 | 0 | 0 | 0
                                             Austudy                                            austudy                          austudy                 1.0               2292                   3.243900e+04                                 1                                            austudy                                                                                               0 | 5 | 7 | 10 | 9 | 5 | 0 | 5
                                     Carer Allowance                                    carer_allowance                  carer_allowance                 1.0               2292                   6.224980e+05                                 1                                    carer_allowance                                                                                   81 | 208 | 176 | 65 | 251 | 166 | 56 | 168
       Carer Allowance (Child Health Care Card only)        carer_allowance_child_health_care_card_only                  carer_allowance                 1.0               2292                   1.014400e+04                                 1        carer_allowance_child_health_care_card_only                                                                                                5 | 0 | 0 | 0 | 7 | 5 | 0 | 5
                                       Carer Payment                                      carer_payment                    carer_payment                 1.0               2292                   3.009570e+05                                 1                                      carer_payment                                                                                        49 | 74 | 70 | 21 | 65 | 35 | 28 | 69
                        Commonwealth Rent Assistance                       commonwealth_rent_assistance     commonwealth_rent_assistance                 1.0               2292                   1.416279e+06                                 1                       commonwealth_rent_assistance                                                                                163 | 345 | 728 | 287 | 339 | 223 | 122 | 561
                    Commonwealth Seniors Health Card                   commonwealth_seniors_health_card commonwealth_seniors_health_card                 1.0               2292                   4.367860e+05                                 1                   commonwealth_seniors_health_card                                                                                   135 | 93 | 137 | 61 | 282 | 128 | 58 | 141
                          Disability Support Pension                         disability_support_pension       disability_support_pension                 1.0               2292                   7.573080e+05                                 1                         disability_support_pension                                                                                140 | 304 | 416 | 137 | 199 | 156 | 116 | 318
Wife Pension (Partner on Disability Support Pension) wife_pension_partner_on_disability_support_pension       disability_support_pension                 1.0               2292                   0.000000e+00                                 1 wife_pension_partner_on_disability_support_pension                                                                                                0 | 0 | 0 | 0 | 0 | 0 | 0 | 0
                                Family Tax Benefit A                               family_tax_benefit_a               family_tax_benefit                 1.0               2292                   1.399549e+06                                 1                               family_tax_benefit_a                                                                                216 | 482 | 511 | 236 | 599 | 354 | 130 | 383
                                Family Tax Benefit B                               family_tax_benefit_b               family_tax_benefit                 1.0               2292                   1.081808e+06                                 1                               family_tax_benefit_b                                                                                170 | 409 | 422 | 194 | 430 | 277 | 103 | 307
                                    Health Care Card                                   health_care_card                 health_care_card                 1.0               2292                   1.405608e+06                                 1                                   health_care_card                                                                                174 | 368 | 460 | 203 | 409 | 307 | 107 | 294
              Newstart Allowance / Jobseeker Payment               newstart_allowance_jobseeker_payment                        jobseeker                 1.0               2292                   9.374300e+05                                 1               newstart_allowance_jobseeker_payment                                                                                 140 | 285 | 376 | 141 | 208 | 157 | 92 | 254
                                     Low Income Card                                    low_income_card                  low_income_card                 1.0               2292                   1.491650e+05                                 1                                    low_income_card                                                                                        12 | 17 | 40 | 23 | 28 | 20 | 23 | 28
                            Parenting Payment Single                           parenting_payment_single                parenting_payment                 1.0               2292                   2.340680e+05                                 1                           parenting_payment_single                                                                                      38 | 113 | 106 | 44 | 89 | 65 | 23 | 73
                         Parenting Payment Partnered                        parenting_payment_partnered                parenting_payment                 1.0               2292                   7.579800e+04                                 1                        parenting_payment_partnered                                                                                          5 | 19 | 18 | 10 | 17 | 13 | 6 | 21
                             Pension Concession Card                            pension_concession_card        pensioner_concession_card                 1.0               2292                   4.345484e+06                                 1                            pension_concession_card                                                                            827 | 1387 | 1922 | 607 | 1423 | 888 | 579 | 1644
                                     Special Benefit                                    special_benefit                  special_benefit                 1.0               2292                   1.116900e+04                                 1                                    special_benefit                                                                                                0 | 0 | 5 | 0 | 0 | 0 | 0 | 0
            Youth Allowance (student and apprentice)             youth_allowance_student_and_apprentice                  youth_allowance                 1.0               2292                   1.454500e+05                                 1             youth_allowance_student_and_apprentice                                                                                           6 | 13 | 26 | 9 | 25 | 15 | 0 | 12
                             Youth Allowance (other)                              youth_allowance_other                  youth_allowance                 1.0               2292                   9.083500e+04                                 1                              youth_allowance_other                                                                                         14 | 36 | 40 | 11 | 11 | 18 | 5 | 26
                               _dss_reference_period                               dss_reference_period                              NaN                 1.0               2292                   3.755022e+18                                 0                                                                           2021-12-01 | 2021-12-01 | 2021-12-01 | 2021-12-01 | 2021-12-01 | 2021-12-01 | 2021-12-01 | 2021-12-01
                                   Partner Allowance                                  partner_allowance                              NaN                 1.0               2292                   0.000000e+00                                 0                                                                                                                                                   0 | 0 | 0 | 0 | 0 | 0 | 0 | 0
                                  Sickness Allowance                                 sickness_allowance                              NaN                 1.0               2292                   0.000000e+00                                 0                                                                                                                                                   0 | 0 | 0 | 0 | 0 | 0 | 0 | 0
                                     Widow Allowance                                    widow_allowance                              NaN                 1.0               2292                   0.000000e+00                                 0                                                                                                                                                   0 | 0 | 0 | 0 | 0 | 0 | 0 | 0
                                       sa2_name_2016                                      sa2_name_2016                              NaN                 0.0                  0                            NaN                                 0                                                    Braidwood | Karabar | Queanbeyan | Queanbeyan - East | Queanbeyan Region | Queanbeyan West - Jerrabomberra | Bombala | Cooma
[2026-06-21 12:12:11] [INFO] Selected DSS wide payment columns: 23
[2026-06-21 12:12:11] [INFO] Built DSS SA2 2016 wide table: 2,292 SA2 rows; 23 payment columns
[2026-06-21 12:12:11] [INFO] Writing CSV: D:\Good Measure\MentalWellbeingbyGeography\data\processed\sources\dss_sa2_2016_payment_counts_selected_2021_22_wide.csv
[2026-06-21 12:12:11] [INFO] Writing parquet: D:\Good Measure\MentalWellbeingbyGeography\data\processed\sources\dss_sa2_2016_payment_counts_selected_2021_22_wide.parquet
[2026-06-21 12:12:11] [INFO] Using bridge: D:\Good Measure\MentalWellbeingbyGeography\data\processed\geography\bridge_sa2_2016_to_2021.csv
[2026-06-21 12:12:11] [INFO] DSS bridge direct full-code matched rows: 0 of 2,292
