[2026-06-21 11:58:06] [INFO] DSS SA2 social-security acquisition and join
[2026-06-21 11:58:06] [INFO] Project root: D:\Good Measure\MentalWellbeingbyGeography
[2026-06-21 11:58:06] [INFO] Log path: D:\Good Measure\MentalWellbeingbyGeography\outputs\logs\16_acquire_join_dss_sa2_social_security_20260621_115806.log
[2026-06-21 11:58:06] [INFO] Base master: D:\Good Measure\MentalWellbeingbyGeography\data\processed\integrated\sa2_predictor_universe_v05_with_phn_lga_context.parquet
[2026-06-21 11:58:06] [INFO] Downloading: https://data.gov.au/data/dataset/7a6cd81c-e834-4a0c-8d41-4aec150f958b/resource/5be6e4ee-f0b5-422f-bb8f-9ee50950c276/download/dss-payments-2016-sa2-jun-2019-to-mar-2023_map-historic.csv
[2026-06-21 11:58:08] [INFO] Downloaded 4,314,996 bytes to D:\Good Measure\MentalWellbeingbyGeography\data\raw\dss\dss_payments_2016_sa2_jun_2019_to_mar_2023_map_historic.csv
[2026-06-21 11:58:08] [INFO] Reading DSS raw CSV
[2026-06-21 11:58:08] [INFO] Raw DSS rows: 38,964; columns: 29
[2026-06-21 11:58:19] [INFO] Period column candidates:
column_name normalised_column_name  parse_rate_sample  period_count_sample period_min_sample period_max_sample                                                                                                         sample_values
       date                   date                1.0                   11        2019-03-01        2021-09-01 2019-03 | 2019-03 | 2019-03 | 2019-03 | 2019-03 | 2019-03 | 2019-03 | 2019-03 | 2019-03 | 2019-03 | 2019-03 | 2019-03
[2026-06-21 11:58:19] [INFO] Detected columns:
      detected_role                              column_name
         period_col                                     date
  sa2_2016_code_col                      sa2_5digitcode_2016
  payment_label_col              Parenting Payment Partnered
recipient_value_col Youth Allowance (student and apprentice)
[2026-06-21 11:58:36] [INFO] Available DSS periods:
reference_period  row_count  within_target_window  absolute_days_from_target
      2019-03-01       2292                 False                       1036
      2019-06-01       2292                 False                        944
      2019-09-01       2292                 False                        852
      2019-12-01       2292                 False                        761
      2020-03-01       2292                 False                        670
      2020-06-01       2292                 False                        578
      2020-09-01       2292                 False                        486
      2020-12-01       2292                 False                        395
      2021-03-01       2292                  True                        305
      2021-06-01       2292                  True                        213
      2021-09-01       2292                  True                        121
      2021-12-01       2292                  True                         30
      2022-03-01       2292                  True                         60
      2022-06-01       2292                  True                        152
      2022-09-01       2292                 False                        244
      2022-12-01       2292                 False                        335
      2023-03-01       2292                 False                        425
[2026-06-21 11:58:36] [INFO] Selected DSS reference period: 2021-12-01 with 2,292 rows
