17_acquire_join_housing_affordability_context.py log started 2026-06-21T13:25:46
[2026-06-21 13:25:46] [INFO] Housing affordability context acquisition and join
[2026-06-21 13:25:46] [INFO] Project root: D:\Good Measure\MentalWellbeingbyGeography
[2026-06-21 13:25:46] [INFO] Log path: D:\Good Measure\MentalWellbeingbyGeography\outputs\logs\17_acquire_join_housing_affordability_context_20260621_132546.log
[2026-06-21 13:25:46] [INFO] Base master: D:\Good Measure\MentalWellbeingbyGeography\data\processed\integrated\sa2_predictor_universe_v06_with_dss_sa2_context.parquet
[2026-06-21 13:25:46] [INFO] Reading base master: D:\Good Measure\MentalWellbeingbyGeography\data\processed\integrated\sa2_predictor_universe_v06_with_dss_sa2_context.parquet
[2026-06-21 13:25:46] [INFO] Base master rows: 2,472; columns: 1,888
[2026-06-21 13:25:47] [INFO] Writing CSV: D:\Good Measure\MentalWellbeingbyGeography\outputs\audits\housing_existing_master_column_inventory_v07.csv
[2026-06-21 13:25:47] [INFO] Existing housing-related master columns found: 97
[2026-06-21 13:25:50] [INFO] Writing CSV: D:\Good Measure\MentalWellbeingbyGeography\outputs\audits\housing_affordability_source_candidate_audit_v07.csv
[2026-06-21 13:25:50] [INFO] Downloading housing affordability resource: https://catalogue.data.infrastructure.gov.au/dataset/rdh-census-housing-affordability-data-for-lgas-and-sa2s-mortgage-and-rent-affordability-indicators/resource/a29d2ba0-ea5d-4495-a637-6b5521e7501e/download
[2026-06-21 13:25:50] [WARNING] Candidate failed: https://catalogue.data.infrastructure.gov.au/dataset/rdh-census-housing-affordability-data-for-lgas-and-sa2s-mortgage-and-rent-affordability-indicators/resource/a29d2ba0-ea5d-4495-a637-6b5521e7501e/download :: HTTPError: HTTP Error 403: Forbidden
[2026-06-21 13:25:50] [INFO] Downloading housing affordability resource: https://catalogue.data.infrastructure.gov.au/data/dataset/rdh-census-housing-affordability-data-for-lgas-and-sa2s-mortgage-and-rent-affordability-indicators/resource/a29d2ba0-ea5d-4495-a637-6b5521e7501e/download
[2026-06-21 13:25:50] [WARNING] Candidate failed: https://catalogue.data.infrastructure.gov.au/data/dataset/rdh-census-housing-affordability-data-for-lgas-and-sa2s-mortgage-and-rent-affordability-indicators/resource/a29d2ba0-ea5d-4495-a637-6b5521e7501e/download :: HTTPError: HTTP Error 403: Forbidden
[2026-06-21 13:25:50] [INFO] Downloading housing affordability resource: https://data.gov.au/data/dataset/rdh-census-housing-affordability-data-for-lgas-and-sa2s-mortgage-and-rent-affordability-indicators/resource/a29d2ba0-ea5d-4495-a637-6b5521e7501e/download
[2026-06-21 13:25:51] [WARNING] Candidate failed: https://data.gov.au/data/dataset/rdh-census-housing-affordability-data-for-lgas-and-sa2s-mortgage-and-rent-affordability-indicators/resource/a29d2ba0-ea5d-4495-a637-6b5521e7501e/download :: HTTPError: HTTP Error 302: Moved Temporarily
[2026-06-21 13:25:51] [INFO] Downloading housing affordability resource: https://catalogue.data.infrastructure.gov.au/dataset/rdh-census-housing-affordability-data-for-lgas-and-sa2s-mortgage-and-rent-affordability-indicators/resource/b8cd5524-dd8d-4306-b388-c7ce264b8944/download
[2026-06-21 13:25:51] [WARNING] Candidate failed: https://catalogue.data.infrastructure.gov.au/dataset/rdh-census-housing-affordability-data-for-lgas-and-sa2s-mortgage-and-rent-affordability-indicators/resource/b8cd5524-dd8d-4306-b388-c7ce264b8944/download :: HTTPError: HTTP Error 403: Forbidden
[2026-06-21 13:25:51] [INFO] Downloading housing affordability resource: https://catalogue.data.infrastructure.gov.au/data/dataset/rdh-census-housing-affordability-data-for-lgas-and-sa2s-mortgage-and-rent-affordability-indicators/resource/b8cd5524-dd8d-4306-b388-c7ce264b8944/download
[2026-06-21 13:25:51] [WARNING] Candidate failed: https://catalogue.data.infrastructure.gov.au/data/dataset/rdh-census-housing-affordability-data-for-lgas-and-sa2s-mortgage-and-rent-affordability-indicators/resource/b8cd5524-dd8d-4306-b388-c7ce264b8944/download :: HTTPError: HTTP Error 403: Forbidden
[2026-06-21 13:25:51] [INFO] Downloading housing affordability resource: https://data.gov.au/data/dataset/rdh-census-housing-affordability-data-for-lgas-and-sa2s-mortgage-and-rent-affordability-indicators/resource/b8cd5524-dd8d-4306-b388-c7ce264b8944/download
[2026-06-21 13:25:52] [WARNING] Candidate failed: https://data.gov.au/data/dataset/rdh-census-housing-affordability-data-for-lgas-and-sa2s-mortgage-and-rent-affordability-indicators/resource/b8cd5524-dd8d-4306-b388-c7ce264b8944/download :: HTTPError: HTTP Error 302: Moved Temporarily
[2026-06-21 13:25:52] [INFO] Writing CSV: D:\Good Measure\MentalWellbeingbyGeography\outputs\audits\housing_affordability_source_selection_audit_v07.csv
[2026-06-21 13:25:52] [WARNING] No external housing affordability resource was downloaded. Creating v07 as an existing-housing-inventory checkpoint.
[2026-06-21 13:25:52] [INFO] Writing CSV: D:\Good Measure\MentalWellbeingbyGeography\outputs\audits\housing_affordability_join_audit_v07.csv
[2026-06-21 13:25:52] [INFO] Writing CSV: D:\Good Measure\MentalWellbeingbyGeography\outputs\audits\housing_affordability_unmatched_audit_v07.csv
[2026-06-21 13:25:52] [INFO] Writing CSV: D:\Good Measure\MentalWellbeingbyGeography\docs\data_dictionaries\housing_affordability_context_field_dictionary_v07.csv
[2026-06-21 13:25:52] [INFO] Writing methodology note: D:\Good Measure\MentalWellbeingbyGeography\docs\methodology\housing_affordability_context_layer_note_v07.md
[2026-06-21 13:25:52] [INFO] Writing CSV: D:\Good Measure\MentalWellbeingbyGeography\data\processed\integrated\sa2_predictor_universe_v07_with_housing_affordability_context.csv
[2026-06-21 13:25:54] [INFO] Writing parquet: D:\Good Measure\MentalWellbeingbyGeography\data\processed\integrated\sa2_predictor_universe_v07_with_housing_affordability_context.parquet
[2026-06-21 13:25:55] [INFO] Created v07 fallback housing context master:
[2026-06-21 13:25:55] [INFO]   D:\Good Measure\MentalWellbeingbyGeography\data\processed\integrated\sa2_predictor_universe_v07_with_housing_affordability_context.parquet
[2026-06-21 13:25:55] [INFO]   D:\Good Measure\MentalWellbeingbyGeography\data\processed\integrated\sa2_predictor_universe_v07_with_housing_affordability_context.csv
