[2026-06-21 13:37:22] [INFO] Log path: D:\Good Measure\MentalWellbeingbyGeography\outputs\logs\18_derive_clean_housing_quickstats_features_20260621_133722.log
[2026-06-21 13:37:22] [INFO] Deriving clean housing QuickStats/context features
[2026-06-21 13:37:22] [INFO] Project root: D:\Good Measure\MentalWellbeingbyGeography
[2026-06-21 13:37:22] [INFO] Base master: D:\Good Measure\MentalWellbeingbyGeography\data\processed\integrated\sa2_predictor_universe_v07_with_housing_affordability_context.parquet
[2026-06-21 13:37:23] [INFO] Base master rows: 2472; columns: 1890
[2026-06-21 13:37:24] [INFO] Derived housing feature table rows: 2472; columns: 32
[2026-06-21 13:37:24] [INFO] Output master rows: 2472; columns: 1921
[2026-06-21 13:37:24] [INFO] Writing CSV: D:\Good Measure\MentalWellbeingbyGeography\data\processed\sources\housing_quickstats_clean_derived_features_v08.csv
[2026-06-21 13:37:24] [INFO] Writing parquet: D:\Good Measure\MentalWellbeingbyGeography\data\processed\sources\housing_quickstats_clean_derived_features_v08.parquet
[2026-06-21 13:37:24] [INFO] Writing CSV: D:\Good Measure\MentalWellbeingbyGeography\outputs\audits\housing_quickstats_clean_feature_mapping_audit_v08.csv
[2026-06-21 13:37:24] [INFO] Writing CSV: D:\Good Measure\MentalWellbeingbyGeography\outputs\audits\housing_quickstats_clean_feature_candidate_audit_v08.csv
[2026-06-21 13:37:24] [INFO] Writing CSV: D:\Good Measure\MentalWellbeingbyGeography\outputs\audits\sa2_predictor_universe_v08_clean_housing_join_audit.csv
[2026-06-21 13:37:24] [INFO] Writing CSV: D:\Good Measure\MentalWellbeingbyGeography\docs\data_dictionaries\housing_quickstats_clean_context_field_dictionary_v08.csv
[2026-06-21 13:37:24] [INFO] Writing methodology note: D:\Good Measure\MentalWellbeingbyGeography\docs\methodology\housing_quickstats_clean_context_layer_note_v08.md
[2026-06-21 13:37:24] [INFO] Writing CSV: D:\Good Measure\MentalWellbeingbyGeography\data\processed\integrated\sa2_predictor_universe_v08_with_clean_housing_context.csv
[2026-06-21 13:37:27] [INFO] Writing parquet: D:\Good Measure\MentalWellbeingbyGeography\data\processed\integrated\sa2_predictor_universe_v08_with_clean_housing_context.parquet
[2026-06-21 13:37:27] [INFO] Created v08 clean housing master:
[2026-06-21 13:37:27] [INFO]   D:\Good Measure\MentalWellbeingbyGeography\data\processed\integrated\sa2_predictor_universe_v08_with_clean_housing_context.parquet
[2026-06-21 13:37:27] [INFO]   D:\Good Measure\MentalWellbeingbyGeography\data\processed\integrated\sa2_predictor_universe_v08_with_clean_housing_context.csv
[2026-06-21 13:37:27] [INFO] Next action: review housing_quickstats_clean_feature_mapping_audit_v08.csv before using derived fields in modelling.
