[2026-06-21 14:14:09] [INFO] PHIDU Social Health Atlas inventory v09
[2026-06-21 14:14:09] [INFO] Project root: D:\Good Measure\MentalWellbeingbyGeography
[2026-06-21 14:14:09] [INFO] Log path: D:\Good Measure\MentalWellbeingbyGeography\outputs\logs\19_inventory_phidu_social_health_atlas_20260621_141409.log
[2026-06-21 14:14:09] [INFO] Reading base master: D:\Good Measure\MentalWellbeingbyGeography\data\processed\integrated\sa2_predictor_universe_v08_with_clean_housing_context.parquet
[2026-06-21 14:14:09] [INFO] Base master rows: 2472; columns: 1921
[2026-06-21 14:14:09] [INFO] Requested geography priorities: lga, pha, phn
[2026-06-21 14:14:09] [DEBUG] Fetching HTML: https://phidu.torrens.edu.au/social-health-atlases/data
[2026-06-21 14:14:10] [INFO] Discovered 274 links from https://phidu.torrens.edu.au/social-health-atlases/data
[2026-06-21 14:14:10] [DEBUG] Fetching HTML: https://phidu.torrens.edu.au/social-health-atlases/indicators-and-notes-on-the-data/social-health-atlases-of-australia-contents
[2026-06-21 14:14:10] [INFO] Discovered 735 links from https://phidu.torrens.edu.au/social-health-atlases/indicators-and-notes-on-the-data/social-health-atlases-of-australia-contents
[2026-06-21 14:14:10] [DEBUG] Fetching HTML: https://phidu.torrens.edu.au/social-health-atlases/graphs/monitoring-inequality-in-australia/whole-population/inequality-graphs-primary-health-networks
[2026-06-21 14:14:10] [DEBUG] Fetching HTML: https://phidu.torrens.edu.au/social-health-atlases/topic-atlas/covid-vaccinations-nsw
[2026-06-21 14:14:11] [DEBUG] Fetching HTML: https://phidu.torrens.edu.au/help-and-information/help-guides-and-faq/geographical-structures/pha-overview
[2026-06-21 14:14:11] [DEBUG] Fetching HTML: https://phidu.torrens.edu.au/help-and-information/help-guides-and-faq/geographical-structures/pha-list-2021
[2026-06-21 14:14:11] [DEBUG] Fetching HTML: https://phidu.torrens.edu.au/help-and-information/help-guides-and-faq/geographical-structures/primary-health-network-map
[2026-06-21 14:14:11] [DEBUG] Could not crawl candidate page https://phidu.torrens.edu.au/help-and-information/help-guides-and-faq/geographical-structures/primary-health-network-map: HTTP Error 500: Internal Server Error
[2026-06-21 14:14:11] [DEBUG] Fetching HTML: https://phidu.torrens.edu.au/help-and-information/help-guides-and-faq/geographical-structures/local-government-area-map
[2026-06-21 14:14:12] [DEBUG] Could not crawl candidate page https://phidu.torrens.edu.au/help-and-information/help-guides-and-faq/geographical-structures/local-government-area-map: HTTP Error 500: Internal Server Error
[2026-06-21 14:14:12] [DEBUG] Fetching HTML: https://phidu.torrens.edu.au/"/current/data/sha-aust/notes/phidu_data_sources_notes.pdf
[2026-06-21 14:14:12] [DEBUG] Could not crawl candidate page https://phidu.torrens.edu.au/"/current/data/sha-aust/notes/phidu_data_sources_notes.pdf: HTTP Error 500: Internal Server Error
[2026-06-21 14:14:12] [INFO] Writing CSV: D:\Good Measure\MentalWellbeingbyGeography\outputs\audits\phidu_source_candidate_audit_v09.csv
[2026-06-21 14:14:12] [INFO] Using cached PHIDU file: D:\Good Measure\MentalWellbeingbyGeography\data\raw\phidu\01_pha_health_status_disability_carers_deaths_health_status_disease_prevention_disability_carers_and_deaths.xlsx
[2026-06-21 14:14:12] [INFO] Using cached PHIDU file: D:\Good Measure\MentalWellbeingbyGeography\data\raw\phidu\02_pha_unknown_phn_data_with_component_phas_xlsx.xlsx
[2026-06-21 14:14:12] [INFO] Using cached PHIDU file: D:\Good Measure\MentalWellbeingbyGeography\data\raw\phidu\03_lga_unknown_phn_data_with_component_lgas_xlsx.xlsx
[2026-06-21 14:14:12] [INFO] Using cached PHIDU file: D:\Good Measure\MentalWellbeingbyGeography\data\raw\phidu\04_pha_health_welfare_services_use_and_provision_of_health_and_welfare_services.xlsx
[2026-06-21 14:14:12] [INFO] Using cached PHIDU file: D:\Good Measure\MentalWellbeingbyGeography\data\raw\phidu\05_pha_demographic_social_demographic_and_social_indicators.xlsx
[2026-06-21 14:14:12] [INFO] Using cached PHIDU file: D:\Good Measure\MentalWellbeingbyGeography\data\raw\phidu\06_phn_socioeconomic_disadvantage_socioeconomic_disadvantage_of_area_within_primary_health_networks_phns_data_xlsx.xlsx
[2026-06-21 14:14:12] [INFO] Using cached PHIDU file: D:\Good Measure\MentalWellbeingbyGeography\data\raw\phidu\07_phn_first_nations_aboriginal_torres_strait_islander_data_by_primary_health_network_incl_component_iares_xlsx.xlsx
[2026-06-21 14:14:12] [INFO] Downloading PHIDU candidate 8/10: https://phidu.torrens.edu.au/help-and-information/help-guides-and-faq/geographical-structures/primary-health-network-map
[2026-06-21 14:14:12] [WARNING] PHIDU candidate failed: https://phidu.torrens.edu.au/help-and-information/help-guides-and-faq/geographical-structures/primary-health-network-map :: HTTP Error 500: Internal Server Error
[2026-06-21 14:14:12] [INFO] Using cached PHIDU file: D:\Good Measure\MentalWellbeingbyGeography\data\raw\phidu\09_unknown_socioeconomic_disadvantage_indigenous_status_comparison_by_socioeconomic_outcomes_of_area_data_xlsx.xlsx
[2026-06-21 14:14:12] [INFO] Using cached PHIDU file: D:\Good Measure\MentalWellbeingbyGeography\data\raw\phidu\10_seifa_quintile_socioeconomic_disadvantage_socioeconomic_disadvantage_of_area_data_xlsx.xlsx
[2026-06-21 14:14:12] [INFO] Writing CSV: D:\Good Measure\MentalWellbeingbyGeography\outputs\audits\phidu_download_audit_v09.csv
[2026-06-21 14:14:13] [INFO] Inspecting workbook: 01_pha_health_status_disability_carers_deaths_health_status_disease_prevention_disability_carers_and_deaths.xlsx; sheets: 35
[2026-06-21 14:14:48] [INFO] Inspecting workbook: 02_pha_unknown_phn_data_with_component_phas_xlsx.xlsx; sheets: 101
[2026-06-21 14:29:08] [INFO] Inspecting workbook: 03_lga_unknown_phn_data_with_component_lgas_xlsx.xlsx; sheets: 96
[2026-06-21 14:31:26] [INFO] Inspecting workbook: 04_pha_health_welfare_services_use_and_provision_of_health_and_welfare_services.xlsx; sheets: 37
[2026-06-21 14:31:56] [INFO] Inspecting workbook: 05_pha_demographic_social_demographic_and_social_indicators.xlsx; sheets: 38
[2026-06-21 14:32:26] [INFO] Inspecting workbook: 06_phn_socioeconomic_disadvantage_socioeconomic_disadvantage_of_area_within_primary_health_networks_phns_data_xlsx.xlsx; sheets: 82
[2026-06-21 14:34:07] [INFO] Inspecting workbook: 07_phn_first_nations_aboriginal_torres_strait_islander_data_by_primary_health_network_incl_component_iares_xlsx.xlsx; sheets: 61
[2026-06-21 14:34:55] [INFO] Inspecting workbook: 09_unknown_socioeconomic_disadvantage_indigenous_status_comparison_by_socioeconomic_outcomes_of_area_data_xlsx.xlsx; sheets: 56
[2026-06-21 14:35:57] [INFO] Inspecting workbook: 10_seifa_quintile_socioeconomic_disadvantage_socioeconomic_disadvantage_of_area_data_xlsx.xlsx; sheets: 88
[2026-06-21 14:37:59] [INFO] Writing CSV: D:\Good Measure\MentalWellbeingbyGeography\outputs\audits\phidu_workbook_sheet_inventory_v09.csv
[2026-06-21 14:37:59] [INFO] Writing CSV: D:\Good Measure\MentalWellbeingbyGeography\outputs\audits\phidu_schema_audit_v09.csv
[2026-06-21 14:37:59] [INFO] Writing CSV: D:\Good Measure\MentalWellbeingbyGeography\outputs\audits\phidu_indicator_inventory_v09.csv
[2026-06-21 14:37:59] [INFO] Writing CSV: D:\Good Measure\MentalWellbeingbyGeography\outputs\audits\phidu_join_readiness_audit_v09.csv
[2026-06-21 14:37:59] [INFO] Writing CSV: D:\Good Measure\MentalWellbeingbyGeography\docs\source_registers\phidu_social_health_atlas_inventory_register_v09.csv
[2026-06-21 14:37:59] [INFO] PHIDU inventory completed.
[2026-06-21 14:37:59] [INFO] Candidates discovered: 139
[2026-06-21 14:37:59] [INFO] Workbook files downloaded/cached: 9
[2026-06-21 14:37:59] [INFO] Next action: review phidu_join_readiness_audit_v09.csv before any PHIDU join.
