[2026-06-21 22:36:41] [INFO] PHIDU deep workbook key probe v11
[2026-06-21 22:36:41] [INFO] Project root: D:\Good Measure\MentalWellbeingByGeography
[2026-06-21 22:36:41] [INFO] Log path: D:\Good Measure\MentalWellbeingByGeography\outputs\logs\21_deep_probe_phidu_workbook_keys_20260621_223641.log
[2026-06-21 22:36:41] [INFO] Reading base master: D:\Good Measure\MentalWellbeingByGeography\data\processed\integrated\sa2_predictor_universe_v08_with_clean_housing_context.parquet
[2026-06-21 22:36:42] [INFO] Base master rows: 2,472; columns: 1,921
[2026-06-21 22:36:42] [INFO] Target key sets: SA2:sa2_code_2021=2472, PHN:phn_2017_code=31;phn_2017_name=31, LGA:dominant_lga_code_2021=463;dominant_lga_name_2021=440
[2026-06-21 22:36:42] [INFO] PHIDU workbooks selected for deep probe: 9
[2026-06-21 22:36:42] [INFO] Opening workbook 1/9: 01_pha_health_status_disability_carers_deaths_health_status_disease_prevention_disability_carers_and_deaths.xlsx
[2026-06-21 22:36:42] [INFO]   Sheets selected: 35
[2026-06-21 22:36:43] [DEBUG]   Mothers_babies: best PHN phn_2017_name rate=0.005 col=B
[2026-06-21 22:36:45] [DEBUG]   Child_youth_health: best PHN phn_2017_name rate=0.005 col=B
[2026-06-21 22:36:48] [DEBUG]   Screening: best PHN phn_2017_name rate=0.005 col=B
[2026-06-21 22:36:51] [DEBUG]   Screening_age: best LGA dominant_lga_code_2021 rate=0.005 col=P
[2026-06-21 22:36:58] [DEBUG]   Cancer_incidence_males: best PHN phn_2017_name rate=0.005 col=B
[2026-06-21 22:37:04] [DEBUG]   Cancer_incidence_females: best PHN phn_2017_name rate=0.005 col=B
[2026-06-21 22:37:09] [DEBUG]   Cancer_incidence_persons: best PHN phn_2017_name rate=0.005 col=B
[2026-06-21 22:37:10] [DEBUG]   Census_health_condition_total: best LGA dominant_lga_code_2021 rate=0.007 col=W
[2026-06-21 22:37:12] [DEBUG]   Census_health_condition_adults: best PHN phn_2017_name rate=0.005 col=B
[2026-06-21 22:37:13] [DEBUG]   Census_health_condition_child: best PHN phn_2017_name rate=0.005 col=B
[2026-06-21 22:37:17] [DEBUG]   Census_condition_type_total: best PHN phn_2017_name rate=0.005 col=B
[2026-06-21 22:37:20] [DEBUG]   Census_condition_type_adults: best PHN phn_2017_name rate=0.005 col=B
[2026-06-21 22:37:21] [DEBUG]   Census_condition_type_children: best PHN phn_2017_name rate=0.005 col=B
[2026-06-21 22:37:27] [DEBUG]   Estimates_mental_health_males: best PHN phn_2017_name rate=0.005 col=B
[2026-06-21 22:37:32] [DEBUG]   Estimates_mental_health_females: best PHN phn_2017_name rate=0.005 col=B
[2026-06-21 22:37:37] [DEBUG]   Estimates_mental_health_persons: best PHN phn_2017_name rate=0.005 col=B
[2026-06-21 22:37:37] [DEBUG]   Estimates_self_assessed_health: best PHN phn_2017_name rate=0.005 col=B
[2026-06-21 22:37:51] [DEBUG]   Estimates_risk_factors_adults: best LGA dominant_lga_code_2021 rate=0.009 col=HB
[2026-06-21 22:37:54] [DEBUG]   Estimates_risk_factors_children: best PHN phn_2017_name rate=0.005 col=B
[2026-06-21 22:37:56] [DEBUG]   Census_disability: best LGA dominant_lga_code_2021 rate=0.011 col=P
[2026-06-21 22:37:57] [DEBUG]   Median_age_death: best PHN phn_2017_name rate=0.005 col=B
[2026-06-21 22:37:59] [DEBUG]   Premature_mortality_by_sex: best PHN phn_2017_name rate=0.005 col=B
[2026-06-21 22:38:11] [DEBUG]   Premature_mortality_by_cause: best PHN phn_2017_name rate=0.005 col=B
[2026-06-21 22:38:13] [DEBUG]   Avoidable_mortality_by_sex: best PHN phn_2017_name rate=0.005 col=B
[2026-06-21 22:38:22] [DEBUG]   Avoidable_mortality_by_cause: best PHN phn_2017_name rate=0.005 col=B
[2026-06-21 22:38:24] [DEBUG]   Years_life_lost: best PHN phn_2017_name rate=0.005 col=B
[2026-06-21 22:38:27] [DEBUG]   Years_life_lost_males_age: best PHN phn_2017_name rate=0.005 col=B
[2026-06-21 22:38:30] [DEBUG]   Years_life_lost_females_age: best PHN phn_2017_name rate=0.005 col=B
[2026-06-21 22:38:33] [DEBUG]   Years_life_lost_persons_age: best PHN phn_2017_name rate=0.005 col=B
[2026-06-21 22:38:41] [DEBUG]   Years_life_lost_by_cause: best PHN phn_2017_name rate=0.005 col=B
[2026-06-21 22:38:41] [DEBUG]   PHAs: best SA2 sa2_code_2021 rate=0.759 col=A
[2026-06-21 22:38:41] [INFO] Opening workbook 2/9: 02_pha_unknown_phn_data_with_component_phas_xlsx.xlsx
[2026-06-21 22:38:46] [INFO]   Sheets selected: 101
[2026-06-21 22:38:50] [DEBUG]   Age_distribution_Males: best PHN phn_2017_code rate=0.025 col=A
[2026-06-21 22:38:53] [DEBUG]   Age_distribution_Females: best PHN phn_2017_code rate=0.025 col=A
[2026-06-21 22:38:57] [DEBUG]   Age_distribution_Persons: best PHN phn_2017_code rate=0.025 col=A
[2026-06-21 22:38:59] [DEBUG]   Age_distribution_Males_broad: best PHN phn_2017_code rate=0.025 col=A
[2026-06-21 22:39:00] [DEBUG]   Age_distribution_Females_broad: best PHN phn_2017_code rate=0.025 col=A
[2026-06-21 22:39:02] [DEBUG]   Age_distribution_Persons_broad: best PHN phn_2017_code rate=0.025 col=A
[2026-06-21 22:39:03] [DEBUG]   Aboriginal_males: best PHN phn_2017_code rate=0.025 col=A
[2026-06-21 22:39:05] [DEBUG]   Aboriginal_females: best PHN phn_2017_code rate=0.025 col=A
[2026-06-21 22:39:06] [DEBUG]   Aboriginal_persons: best PHN phn_2017_code rate=0.025 col=A
[2026-06-21 22:39:06] [DEBUG]   Population_proportion: best PHN phn_2017_code rate=0.025 col=A
[2026-06-21 22:39:07] [DEBUG]   Population_proportion_age: best PHN phn_2017_code rate=0.025 col=A
[2026-06-21 22:39:11] [DEBUG]   Pop_projections_Males: best PHN phn_2017_code rate=0.025 col=A
[2026-06-21 22:39:14] [DEBUG]   Pop_projections_Females: best PHN phn_2017_code rate=0.025 col=A
[2026-06-21 22:39:17] [DEBUG]   Pop_projections_Persons: best PHN phn_2017_code rate=0.025 col=A
[2026-06-21 22:39:18] [DEBUG]   Birthplace_NES_residents: best PHN phn_2017_code rate=0.025 col=A
[2026-06-21 22:39:20] [DEBUG]   Birthplace_Top_ten_NES: best PHN phn_2017_code rate=0.025 col=A
[2026-06-21 22:39:20] [DEBUG]   Migrants_humanitarian: best PHN phn_2017_code rate=0.025 col=A
[2026-06-21 22:39:21] [DEBUG]   Migrants_family: best PHN phn_2017_code rate=0.025 col=A
[2026-06-21 22:39:22] [DEBUG]   Migrants_skilled: best PHN phn_2017_code rate=0.025 col=A
[2026-06-21 22:39:22] [DEBUG]   Migrants_total: best PHN phn_2017_code rate=0.025 col=A
[2026-06-21 22:39:23] [DEBUG]   Total_fertility_rate: best PHN phn_2017_code rate=0.025 col=A
[2026-06-21 22:39:26] [DEBUG]   Education: best PHN phn_2017_code rate=0.025 col=A
[2026-06-21 22:39:30] [DEBUG]   Early_childhood_development: best PHN phn_2017_code rate=0.025 col=A
[2026-06-21 22:39:30] [DEBUG]   Learning_Earning: best PHN phn_2017_code rate=0.025 col=A
[2026-06-21 22:39:31] [DEBUG]   Families: best PHN phn_2017_code rate=0.025 col=A
[2026-06-21 22:39:31] [DEBUG]   Child_care: best PHN phn_2017_code rate=0.025 col=A
[2026-06-21 22:39:32] [DEBUG]   Volunteering: best PHN phn_2017_code rate=0.025 col=A
[2026-06-21 22:39:35] [DEBUG]   Housing_Transport: best PHN phn_2017_code rate=0.025 col=A
[2026-06-21 22:39:35] [DEBUG]   Homelessness: best PHN phn_2017_code rate=0.025 col=A
[2026-06-21 22:39:38] [DEBUG]   Income_support: best PHN phn_2017_code rate=0.025 col=A
[2026-06-21 22:39:39] [DEBUG]   Labour_force: best PHN phn_2017_code rate=0.025 col=A
[2026-06-21 22:39:39] [DEBUG]   Private_health_insurance: best PHN phn_2017_code rate=0.025 col=A
[2026-06-21 22:39:40] [DEBUG]   IRSD: best PHN phn_2017_code rate=0.025 col=A
[2026-06-21 22:39:41] [DEBUG]   Mothers_babies: best PHN phn_2017_code rate=0.025 col=A
[2026-06-21 22:39:43] [DEBUG]   Child_youth_health: best PHN phn_2017_code rate=0.025 col=A
[2026-06-21 22:39:45] [DEBUG]   Screening: best PHN phn_2017_code rate=0.025 col=A
[2026-06-21 22:39:49] [DEBUG]   Screening_age: best PHN phn_2017_code rate=0.025 col=A
[2026-06-21 22:39:57] [DEBUG]   Cancer_incidence_males: best PHN phn_2017_code rate=0.025 col=A
[2026-06-21 22:40:03] [DEBUG]   Cancer_incidence_females: best PHN phn_2017_code rate=0.025 col=A
[2026-06-21 22:40:08] [DEBUG]   Cancer_incidence_persons: best PHN phn_2017_code rate=0.025 col=A
[2026-06-21 22:40:09] [DEBUG]   Census_health_condition_total: best PHN phn_2017_code rate=0.025 col=A
[2026-06-21 22:40:10] [DEBUG]   Census_health_condition_adults: best PHN phn_2017_code rate=0.025 col=A
[2026-06-21 22:40:11] [DEBUG]   Census_health_condition_child: best PHN phn_2017_code rate=0.025 col=A
[2026-06-21 22:40:14] [DEBUG]   Census_condition_type_total: best PHN phn_2017_code rate=0.025 col=A
[2026-06-21 22:40:17] [DEBUG]   Census_condition_type_adults: best PHN phn_2017_code rate=0.025 col=A
[2026-06-21 22:40:18] [DEBUG]   Census_condition_type_children: best PHN phn_2017_code rate=0.025 col=A
[2026-06-21 22:40:22] [DEBUG]   Estimates_mental_health_males: best PHN phn_2017_code rate=0.025 col=A
[2026-06-21 22:40:26] [DEBUG]   Estimates_mental_health_females: best PHN phn_2017_code rate=0.025 col=A
[2026-06-21 22:40:30] [DEBUG]   Estimates_mental_health_persons: best PHN phn_2017_code rate=0.025 col=A
[2026-06-21 22:40:31] [DEBUG]   Estimates_self_assessed_health: best PHN phn_2017_code rate=0.025 col=A
[2026-06-21 22:40:43] [DEBUG]   Estimates_risk_factors_adults: best PHN phn_2017_code rate=0.025 col=A
[2026-06-21 22:40:46] [DEBUG]   Estimates_risk_factors_children: best PHN phn_2017_code rate=0.025 col=A
[2026-06-21 22:40:47] [DEBUG]   Census_disability: best PHN phn_2017_code rate=0.025 col=A
[2026-06-21 22:40:48] [DEBUG]   Median_age_death: best PHN phn_2017_code rate=0.025 col=A
[2026-06-21 22:40:50] [DEBUG]   Premature_mortality_by_sex: best PHN phn_2017_code rate=0.025 col=A
[2026-06-21 22:41:00] [DEBUG]   Premature_mortality_by_cause: best PHN phn_2017_code rate=0.025 col=A
[2026-06-21 22:41:02] [DEBUG]   Avoidable_mortality_by_sex: best PHN phn_2017_code rate=0.025 col=A
[2026-06-21 22:41:10] [DEBUG]   Avoidable_mortality_by_cause: best PHN phn_2017_code rate=0.025 col=A
[2026-06-21 22:41:12] [DEBUG]   Years_life_lost: best PHN phn_2017_code rate=0.025 col=A
[2026-06-21 22:41:15] [DEBUG]   Years_life_lost_males_age: best PHN phn_2017_code rate=0.025 col=A
[2026-06-21 22:41:17] [DEBUG]   Years_life_lost_females_age: best PHN phn_2017_code rate=0.025 col=A
[2026-06-21 22:41:20] [DEBUG]   Years_life_lost_persons_age: best PHN phn_2017_code rate=0.025 col=A
[2026-06-21 22:41:26] [DEBUG]   Years_life_lost_by_cause: best PHN phn_2017_code rate=0.025 col=A
[2026-06-21 22:41:27] [DEBUG]   Aged_care_places: best PHN phn_2017_code rate=0.025 col=A
[2026-06-21 22:41:29] [DEBUG]   NDIS_disability: best PHN phn_2017_code rate=0.025 col=A
[2026-06-21 22:41:30] [DEBUG]   NDIS_Autism_age: best PHN phn_2017_code rate=0.025 col=A
[2026-06-21 22:41:30] [DEBUG]   CMHCS_by_sex: best PHN phn_2017_code rate=0.025 col=A
[2026-06-21 22:41:32] [DEBUG]   CMHCS_by_principal_diag: best PHN phn_2017_code rate=0.025 col=A
[2026-06-21 22:41:36] [DEBUG]   CHSP: best PHN phn_2017_code rate=0.025 col=A
[2026-06-21 22:41:38] [DEBUG]   Hosp_type_sex: best PHN phn_2017_code rate=0.025 col=A
[2026-06-21 22:41:43] [DEBUG]   Admiss_principal_diag_males: best PHN phn_2017_code rate=0.025 col=A
[2026-06-21 22:41:48] [DEBUG]   Admiss_principal_diag_females: best PHN phn_2017_code rate=0.025 col=A
[2026-06-21 22:41:54] [DEBUG]   Admiss_principal_diag_persons: best PHN phn_2017_code rate=0.025 col=A
[2026-06-21 22:41:55] [DEBUG]   Admiss_principal_ext_males: best PHN phn_2017_code rate=0.025 col=A
[2026-06-21 22:41:56] [DEBUG]   Admiss_principal_ext_females: best PHN phn_2017_code rate=0.025 col=A
[2026-06-21 22:41:58] [DEBUG]   Admiss_principal_ext_persons: best PHN phn_2017_code rate=0.025 col=A
[2026-06-21 22:42:02] [DEBUG]   Admissions_procedures: best PHN phn_2017_code rate=0.025 col=A
[2026-06-21 22:42:03] [DEBUG]   Admissions_same_day_renal: best PHN phn_2017_code rate=0.025 col=A
[2026-06-21 22:42:04] [DEBUG]   Admissions_prevent_diag_total: best PHN phn_2017_code rate=0.025 col=A
[2026-06-21 22:42:05] [DEBUG]   Admissions_prevent_diag_vaccin: best PHN phn_2017_code rate=0.025 col=A
[2026-06-21 22:42:06] [DEBUG]   Admissions_prevent_diag_acute: best PHN phn_2017_code rate=0.025 col=A
[2026-06-21 22:42:08] [DEBUG]   Admissions_prevent_diag_chronic: best PHN phn_2017_code rate=0.025 col=A
[2026-06-21 22:42:09] [DEBUG]   ED_total_sex: best PHN phn_2017_code rate=0.025 col=A
[2026-06-21 22:42:13] [DEBUG]   ED_total_age_sex: best PHN phn_2017_code rate=0.025 col=A
[2026-06-21 22:42:14] [DEBUG]   ED_total_triage_category: best PHN phn_2017_code rate=0.025 col=A
[2026-06-21 22:42:16] [DEBUG]   ED_diagnosis: best PHN phn_2017_code rate=0.025 col=A
[2026-06-21 22:42:18] [DEBUG]   ED_infectious_age: best PHN phn_2017_code rate=0.025 col=A
[2026-06-21 22:42:19] [DEBUG]   ED_mental_disorders_age: best PHN phn_2017_code rate=0.025 col=A
[2026-06-21 22:42:20] [DEBUG]   ED_circulatory_age: best PHN phn_2017_code rate=0.025 col=A
[2026-06-21 22:42:21] [DEBUG]   ED_respiratory_age: best PHN phn_2017_code rate=0.025 col=A
[2026-06-21 22:42:23] [DEBUG]   ED_digestive_age: best PHN phn_2017_code rate=0.025 col=A
[2026-06-21 22:42:24] [DEBUG]   ED_musculoskeletal_age: best PHN phn_2017_code rate=0.025 col=A
[2026-06-21 22:42:28] [DEBUG]   ED_genitourinary_age_sex: best PHN phn_2017_code rate=0.025 col=A
[2026-06-21 22:42:32] [DEBUG]   ED_injury_age_sex: best PHN phn_2017_code rate=0.025 col=A
[2026-06-21 22:42:33] [DEBUG]   ED_health_status_contact_age: best PHN phn_2017_code rate=0.025 col=A
[2026-06-21 22:42:33] [DEBUG]   PHAs: best SA2 sa2_code_2021 rate=0.759 col=A
[2026-06-21 22:42:33] [INFO] Opening workbook 3/9: 03_lga_unknown_phn_data_with_component_lgas_xlsx.xlsx
[2026-06-21 22:42:34] [INFO]   Sheets selected: 96
[2026-06-21 22:42:36] [DEBUG]   Age_distribution_Males: best LGA dominant_lga_code_2021 rate=0.721 col=A
[2026-06-21 22:42:38] [DEBUG]   Age_distribution_Females: best LGA dominant_lga_code_2021 rate=0.721 col=A
[2026-06-21 22:42:40] [DEBUG]   Age_distribution_Persons: best LGA dominant_lga_code_2021 rate=0.721 col=A
[2026-06-21 22:42:41] [DEBUG]   Age_distribution_Males_broad: best LGA dominant_lga_code_2021 rate=0.721 col=A
[2026-06-21 22:42:41] [DEBUG]   Age_distribution_Females_broad: best LGA dominant_lga_code_2021 rate=0.721 col=A
[2026-06-21 22:42:42] [DEBUG]   Age_distribution_Persons_broad: best LGA dominant_lga_code_2021 rate=0.721 col=A
[2026-06-21 22:42:43] [DEBUG]   Aboriginal_males: best LGA dominant_lga_code_2021 rate=0.721 col=A
[2026-06-21 22:42:43] [DEBUG]   Aboriginal_females: best LGA dominant_lga_code_2021 rate=0.721 col=A
[2026-06-21 22:42:44] [DEBUG]   Aboriginal_persons: best LGA dominant_lga_code_2021 rate=0.721 col=A
[2026-06-21 22:42:44] [DEBUG]   Population_proportion: best LGA dominant_lga_code_2021 rate=0.721 col=A
[2026-06-21 22:42:45] [DEBUG]   Population_proportion_age: best LGA dominant_lga_code_2021 rate=0.721 col=A
[2026-06-21 22:42:46] [DEBUG]   Pop_projections_Males: best LGA dominant_lga_code_2021 rate=0.721 col=A
[2026-06-21 22:42:48] [DEBUG]   Pop_projections_Females: best LGA dominant_lga_code_2021 rate=0.721 col=A
[2026-06-21 22:42:50] [DEBUG]   Pop_projections_Persons: best LGA dominant_lga_code_2021 rate=0.721 col=A
[2026-06-21 22:42:50] [DEBUG]   Birthplace_NES_residents: best LGA dominant_lga_code_2021 rate=0.721 col=A
[2026-06-21 22:42:51] [DEBUG]   Birthplace_Top_ten_NES: best LGA dominant_lga_code_2021 rate=0.721 col=A
[2026-06-21 22:42:52] [DEBUG]   Migrants_humanitarian: best LGA dominant_lga_code_2021 rate=0.721 col=A
[2026-06-21 22:42:52] [DEBUG]   Migrants_family: best LGA dominant_lga_code_2021 rate=0.721 col=A
[2026-06-21 22:42:52] [DEBUG]   Migrants_skilled: best LGA dominant_lga_code_2021 rate=0.721 col=A
[2026-06-21 22:42:53] [DEBUG]   Migrants_total: best LGA dominant_lga_code_2021 rate=0.721 col=A
[2026-06-21 22:42:53] [DEBUG]   Total_fertility_rate: best LGA dominant_lga_code_2021 rate=0.721 col=A
[2026-06-21 22:42:55] [DEBUG]   Education: best LGA dominant_lga_code_2021 rate=0.721 col=A
[2026-06-21 22:42:57] [DEBUG]   Early_childhood_development: best LGA dominant_lga_code_2021 rate=0.721 col=A
[2026-06-21 22:42:57] [DEBUG]   Learning_Earning: best LGA dominant_lga_code_2021 rate=0.721 col=A
[2026-06-21 22:42:57] [DEBUG]   Families: best LGA dominant_lga_code_2021 rate=0.721 col=A
[2026-06-21 22:42:58] [DEBUG]   Child_care: best LGA dominant_lga_code_2021 rate=0.721 col=A
[2026-06-21 22:42:58] [DEBUG]   Volunteering: best LGA dominant_lga_code_2021 rate=0.721 col=A
[2026-06-21 22:42:59] [DEBUG]   Housing_Transport: best LGA dominant_lga_code_2021 rate=0.721 col=A
[2026-06-21 22:42:59] [DEBUG]   Homelessness: best LGA dominant_lga_code_2021 rate=0.720 col=A
[2026-06-21 22:43:01] [DEBUG]   Income_support: best LGA dominant_lga_code_2021 rate=0.721 col=A
[2026-06-21 22:43:01] [DEBUG]   Labour_force: best LGA dominant_lga_code_2021 rate=0.721 col=A
[2026-06-21 22:43:01] [DEBUG]   Private_health_insurance: best LGA dominant_lga_code_2021 rate=0.721 col=A
[2026-06-21 22:43:01] [DEBUG]   IRSD: best LGA dominant_lga_code_2021 rate=0.721 col=A
[2026-06-21 22:43:02] [DEBUG]   Mothers_babies: best LGA dominant_lga_code_2021 rate=0.721 col=A
[2026-06-21 22:43:02] [DEBUG]   Child_youth_health: best LGA dominant_lga_code_2021 rate=0.721 col=A
[2026-06-21 22:43:03] [DEBUG]   Screening: best LGA dominant_lga_code_2021 rate=0.721 col=A
[2026-06-21 22:43:05] [DEBUG]   Screening_age: best LGA dominant_lga_code_2021 rate=0.721 col=A
[2026-06-21 22:43:09] [DEBUG]   Cancer_incidence_males: best LGA dominant_lga_code_2021 rate=0.721 col=A
[2026-06-21 22:43:11] [DEBUG]   Cancer_incidence_females: best LGA dominant_lga_code_2021 rate=0.721 col=A
[2026-06-21 22:43:13] [DEBUG]   Cancer_incidence_persons: best LGA dominant_lga_code_2021 rate=0.721 col=A
[2026-06-21 22:43:14] [DEBUG]   Census_health_condition_total: best LGA dominant_lga_code_2021 rate=0.720 col=A
[2026-06-21 22:43:14] [DEBUG]   Census_health_condition_adults: best LGA dominant_lga_code_2021 rate=0.720 col=A
[2026-06-21 22:43:15] [DEBUG]   Census_health_condition_child: best LGA dominant_lga_code_2021 rate=0.720 col=A
[2026-06-21 22:43:16] [DEBUG]   Census_condition_type_total: best LGA dominant_lga_code_2021 rate=0.720 col=A
[2026-06-21 22:43:17] [DEBUG]   Census_condition_type_adults: best LGA dominant_lga_code_2021 rate=0.720 col=A
[2026-06-21 22:43:17] [DEBUG]   Census_condition_type_children: best LGA dominant_lga_code_2021 rate=0.720 col=A
[2026-06-21 22:43:18] [DEBUG]   Estimates_self_assessed_health: best LGA dominant_lga_code_2021 rate=0.721 col=A
[2026-06-21 22:43:23] [DEBUG]   Estimates_risk_factors_adults: best LGA dominant_lga_code_2021 rate=0.721 col=A
[2026-06-21 22:43:24] [DEBUG]   Estimates_risk_factors_children: best LGA dominant_lga_code_2021 rate=0.721 col=A
[2026-06-21 22:43:25] [DEBUG]   Census_disability: best LGA dominant_lga_code_2021 rate=0.721 col=A
[2026-06-21 22:43:25] [DEBUG]   Median_age_death: best LGA dominant_lga_code_2021 rate=0.721 col=A
[2026-06-21 22:43:26] [DEBUG]   Premature_mortality_by_sex: best LGA dominant_lga_code_2021 rate=0.721 col=A
[2026-06-21 22:43:30] [DEBUG]   Premature_mortality_by_cause: best LGA dominant_lga_code_2021 rate=0.721 col=A
[2026-06-21 22:43:31] [DEBUG]   Avoidable_mortality_by_sex: best LGA dominant_lga_code_2021 rate=0.721 col=A
[2026-06-21 22:43:34] [DEBUG]   Avoidable_mortality_by_cause: best LGA dominant_lga_code_2021 rate=0.721 col=A
[2026-06-21 22:43:35] [DEBUG]   Years_life_lost: best LGA dominant_lga_code_2021 rate=0.721 col=A
[2026-06-21 22:43:36] [DEBUG]   Years_life_lost_males_age: best LGA dominant_lga_code_2021 rate=0.721 col=A
[2026-06-21 22:43:37] [DEBUG]   Years_life_lost_females_age: best LGA dominant_lga_code_2021 rate=0.721 col=A
[2026-06-21 22:43:38] [DEBUG]   Years_life_lost_persons_age: best LGA dominant_lga_code_2021 rate=0.721 col=A
[2026-06-21 22:43:42] [DEBUG]   Years_life_lost_by_cause: best LGA dominant_lga_code_2021 rate=0.721 col=A
[2026-06-21 22:43:43] [DEBUG]   Health_workforce: best LGA dominant_lga_code_2021 rate=0.720 col=A
[2026-06-21 22:43:44] [DEBUG]   Aged_care_places: best LGA dominant_lga_code_2021 rate=0.720 col=A
[2026-06-21 22:43:44] [DEBUG]   CMHCS_by_sex: best LGA dominant_lga_code_2021 rate=0.721 col=A
[2026-06-21 22:43:45] [DEBUG]   CMHCS_by_prinicipal_diag: best LGA dominant_lga_code_2021 rate=0.721 col=A
[2026-06-21 22:43:47] [DEBUG]   CHSP: best LGA dominant_lga_code_2021 rate=0.721 col=A
[2026-06-21 22:43:48] [DEBUG]   Hosp_type_sex: best LGA dominant_lga_code_2021 rate=0.720 col=A
[2026-06-21 22:43:50] [DEBUG]   Admiss_principal_diag_males: best LGA dominant_lga_code_2021 rate=0.720 col=A
[2026-06-21 22:43:53] [DEBUG]   Admiss_principal_diag_females: best LGA dominant_lga_code_2021 rate=0.720 col=A
[2026-06-21 22:43:56] [DEBUG]   Admiss_principal_diag_persons: best LGA dominant_lga_code_2021 rate=0.720 col=A
[2026-06-21 22:43:57] [DEBUG]   Admiss_principal_ext_males: best LGA dominant_lga_code_2021 rate=0.720 col=A
[2026-06-21 22:43:58] [DEBUG]   Admiss_principal_ext_females: best LGA dominant_lga_code_2021 rate=0.720 col=A
[2026-06-21 22:43:59] [DEBUG]   Admiss_principal_ext_persons: best LGA dominant_lga_code_2021 rate=0.720 col=A
[2026-06-21 22:44:01] [DEBUG]   Admissions_procedures: best LGA dominant_lga_code_2021 rate=0.720 col=A
[2026-06-21 22:44:01] [DEBUG]   Admissions_same_day_renal: best LGA dominant_lga_code_2021 rate=0.720 col=A
[2026-06-21 22:44:02] [DEBUG]   Admissions_prevent_diag_total: best LGA dominant_lga_code_2021 rate=0.720 col=A
[2026-06-21 22:44:03] [DEBUG]   Admissions_prevent_diag_vaccin: best LGA dominant_lga_code_2021 rate=0.720 col=A
[2026-06-21 22:44:04] [DEBUG]   Admissions_prevent_diag_acute: best LGA dominant_lga_code_2021 rate=0.720 col=A
[2026-06-21 22:44:04] [DEBUG]   Admissions_prevent_diag_chronic: best LGA dominant_lga_code_2021 rate=0.720 col=A
[2026-06-21 22:44:05] [DEBUG]   ED_total_sex: best LGA dominant_lga_code_2021 rate=0.720 col=A
[2026-06-21 22:44:07] [DEBUG]   ED_total_age_sex: best LGA dominant_lga_code_2021 rate=0.720 col=A
[2026-06-21 22:44:08] [DEBUG]   ED_total_triage_category: best LGA dominant_lga_code_2021 rate=0.720 col=A
[2026-06-21 22:44:09] [DEBUG]   ED_diagnosis: best LGA dominant_lga_code_2021 rate=0.720 col=A
[2026-06-21 22:44:10] [DEBUG]   ED_infectious_age: best LGA dominant_lga_code_2021 rate=0.720 col=A
[2026-06-21 22:44:11] [DEBUG]   ED_mental_disorders_age: best LGA dominant_lga_code_2021 rate=0.720 col=A
[2026-06-21 22:44:11] [DEBUG]   ED_circulatory_age: best LGA dominant_lga_code_2021 rate=0.720 col=A
[2026-06-21 22:44:12] [DEBUG]   ED_respiratory_age: best LGA dominant_lga_code_2021 rate=0.720 col=A
[2026-06-21 22:44:13] [DEBUG]   ED_digestive_age: best LGA dominant_lga_code_2021 rate=0.720 col=A
[2026-06-21 22:44:14] [DEBUG]   ED_musculoskeletal_age: best LGA dominant_lga_code_2021 rate=0.720 col=A
[2026-06-21 22:44:16] [DEBUG]   ED_genitourinary_age_sex: best LGA dominant_lga_code_2021 rate=0.720 col=A
[2026-06-21 22:44:18] [DEBUG]   ED_injury_age_sex: best LGA dominant_lga_code_2021 rate=0.720 col=A
[2026-06-21 22:44:19] [DEBUG]   ED_health_status_contact_age: best LGA dominant_lga_code_2021 rate=0.720 col=A
[2026-06-21 22:44:19] [INFO] Opening workbook 4/9: 04_pha_health_welfare_services_use_and_provision_of_health_and_welfare_services.xlsx
[2026-06-21 22:44:19] [INFO]   Sheets selected: 37
[2026-06-21 22:44:20] [DEBUG]   Aged_care_places: best PHN phn_2017_name rate=0.005 col=B
[2026-06-21 22:44:22] [DEBUG]   NDIS_disability: best PHN phn_2017_name rate=0.005 col=B
[2026-06-21 22:44:24] [DEBUG]   NDIS_Autism_age: best PHN phn_2017_name rate=0.005 col=B
[2026-06-21 22:44:25] [DEBUG]   CMHCS_by_sex: best PHN phn_2017_name rate=0.005 col=B
[2026-06-21 22:44:27] [DEBUG]   CMHCS_by_principal_diag: best LGA dominant_lga_code_2021 rate=0.006 col=AL
[2026-06-21 22:44:32] [DEBUG]   CHSP: best PHN phn_2017_name rate=0.005 col=B
[2026-06-21 22:44:34] [DEBUG]   Hosp_type_sex: best LGA dominant_lga_code_2021 rate=0.006 col=X
[2026-06-21 22:44:40] [DEBUG]   Admiss_principal_diag_males: best PHN phn_2017_name rate=0.005 col=B
[2026-06-21 22:44:46] [DEBUG]   Admiss_principal_diag_females: best PHN phn_2017_name rate=0.005 col=B
[2026-06-21 22:44:52] [DEBUG]   Admiss_principal_diag_persons: best PHN phn_2017_name rate=0.005 col=B
[2026-06-21 22:44:54] [DEBUG]   Admiss_principal_ext_males: best PHN phn_2017_name rate=0.005 col=B
[2026-06-21 22:44:56] [DEBUG]   Admiss_principal_ext_females: best PHN phn_2017_name rate=0.005 col=B
[2026-06-21 22:44:58] [DEBUG]   Admiss_principal_ext_persons: best PHN phn_2017_name rate=0.005 col=B
[2026-06-21 22:45:03] [DEBUG]   Admissions_procedures: best PHN phn_2017_name rate=0.005 col=B
[2026-06-21 22:45:04] [DEBUG]   Admissions_same_day_renal: best PHN phn_2017_name rate=0.005 col=B
[2026-06-21 22:45:06] [DEBUG]   Admissions_prevent_diag_total: best PHN phn_2017_name rate=0.005 col=B
[2026-06-21 22:45:06] [DEBUG]   Admissions_prevent_diag_vaccin: best PHN phn_2017_name rate=0.005 col=B
[2026-06-21 22:45:08] [DEBUG]   Admissions_prevent_diag_acute: best LGA dominant_lga_code_2021 rate=0.006 col=W
[2026-06-21 22:45:11] [DEBUG]   Admissions_prevent_diag_chronic: best PHN phn_2017_name rate=0.005 col=B
[2026-06-21 22:45:12] [DEBUG]   ED_total_sex: best LGA dominant_lga_code_2021 rate=0.005 col=N
[2026-06-21 22:45:18] [DEBUG]   ED_total_age_sex: best LGA dominant_lga_code_2021 rate=0.006 col=S
[2026-06-21 22:45:20] [DEBUG]   ED_total_triage_category: best LGA dominant_lga_code_2021 rate=0.005 col=AC
[2026-06-21 22:45:23] [DEBUG]   ED_diagnosis: best LGA dominant_lga_code_2021 rate=0.005 col=BB
[2026-06-21 22:45:25] [DEBUG]   ED_infectious_age: best PHN phn_2017_name rate=0.005 col=B
[2026-06-21 22:45:26] [DEBUG]   ED_mental_disorders_age: best PHN phn_2017_name rate=0.005 col=B
[2026-06-21 22:45:28] [DEBUG]   ED_circulatory_age: best PHN phn_2017_name rate=0.005 col=B
[2026-06-21 22:45:30] [DEBUG]   ED_respiratory_age: best LGA dominant_lga_code_2021 rate=0.006 col=D
[2026-06-21 22:45:33] [DEBUG]   ED_digestive_age: best PHN phn_2017_name rate=0.005 col=B
[2026-06-21 22:45:34] [DEBUG]   ED_musculoskeletal_age: best PHN phn_2017_name rate=0.005 col=B
[2026-06-21 22:45:39] [DEBUG]   ED_genitourinary_age_sex: best PHN phn_2017_name rate=0.005 col=B
[2026-06-21 22:45:46] [DEBUG]   ED_injury_age_sex: best PHN phn_2017_name rate=0.005 col=B
[2026-06-21 22:45:48] [DEBUG]   ED_health_status_contact_age: best PHN phn_2017_name rate=0.005 col=B
[2026-06-21 22:45:48] [DEBUG]   PHAs: best SA2 sa2_code_2021 rate=0.759 col=A
[2026-06-21 22:45:48] [INFO] Opening workbook 5/9: 05_pha_demographic_social_demographic_and_social_indicators.xlsx
[2026-06-21 22:45:48] [INFO]   Sheets selected: 38
[2026-06-21 22:45:53] [DEBUG]   Age_distribution_Males: best PHN phn_2017_name rate=0.005 col=B
[2026-06-21 22:45:57] [DEBUG]   Age_distribution_Females: best LGA dominant_lga_code_2021 rate=0.005 col=D
[2026-06-21 22:46:01] [DEBUG]   Age_distribution_Persons: best LGA dominant_lga_code_2021 rate=0.006 col=D
[2026-06-21 22:46:03] [DEBUG]   Age_distribution_Males_broad: best PHN phn_2017_name rate=0.005 col=B
[2026-06-21 22:46:05] [DEBUG]   Age_distribution_Females_broad: best LGA dominant_lga_code_2021 rate=0.005 col=D
[2026-06-21 22:46:07] [DEBUG]   Age_distribution_Persons_broad: best LGA dominant_lga_code_2021 rate=0.006 col=D
[2026-06-21 22:46:09] [DEBUG]   Aboriginal_males: best PHN phn_2017_name rate=0.005 col=B
[2026-06-21 22:46:11] [DEBUG]   Aboriginal_females: best PHN phn_2017_name rate=0.005 col=B
[2026-06-21 22:46:12] [DEBUG]   Aboriginal_persons: best PHN phn_2017_name rate=0.005 col=B
[2026-06-21 22:46:13] [DEBUG]   Population_proportion: best PHN phn_2017_name rate=0.005 col=B
[2026-06-21 22:46:14] [DEBUG]   Population_proportion_age: best PHN phn_2017_name rate=0.005 col=B
[2026-06-21 22:46:18] [DEBUG]   Pop_projections_Males: best PHN phn_2017_name rate=0.005 col=B
[2026-06-21 22:46:22] [DEBUG]   Pop_projections_Females: best LGA dominant_lga_code_2021 rate=0.007 col=D
[2026-06-21 22:46:26] [DEBUG]   Pop_projections_Persons: best LGA dominant_lga_code_2021 rate=0.008 col=G
[2026-06-21 22:46:27] [DEBUG]   Birthplace_NES_residents: best LGA dominant_lga_code_2021 rate=0.012 col=X
[2026-06-21 22:46:29] [DEBUG]   Birthplace_Top_ten_NES: best LGA dominant_lga_code_2021 rate=0.006 col=D
[2026-06-21 22:46:30] [DEBUG]   Migrants_humanitarian: best LGA dominant_lga_code_2021 rate=0.007 col=H
[2026-06-21 22:46:31] [DEBUG]   Migrants_family: best LGA dominant_lga_code_2021 rate=0.007 col=H
[2026-06-21 22:46:32] [DEBUG]   Migrants_skilled: best LGA dominant_lga_code_2021 rate=0.007 col=H
[2026-06-21 22:46:33] [DEBUG]   Migrants_total: best LGA dominant_lga_code_2021 rate=0.007 col=H
[2026-06-21 22:46:33] [DEBUG]   Total_fertility_rate: best PHN phn_2017_name rate=0.005 col=B
[2026-06-21 22:46:37] [DEBUG]   Education: best LGA dominant_lga_code_2021 rate=0.015 col=AO
[2026-06-21 22:46:41] [DEBUG]   Early_childhood_development: best PHN phn_2017_name rate=0.005 col=B
[2026-06-21 22:46:42] [DEBUG]   Learning_Earning: best PHN phn_2017_name rate=0.005 col=B
[2026-06-21 22:46:43] [DEBUG]   Families: best PHN phn_2017_name rate=0.005 col=B
[2026-06-21 22:46:44] [DEBUG]   Child_care: best PHN phn_2017_name rate=0.005 col=B
[2026-06-21 22:46:45] [DEBUG]   Volunteering: best PHN phn_2017_name rate=0.005 col=B
[2026-06-21 22:46:48] [DEBUG]   Housing_Transport: best LGA dominant_lga_code_2021 rate=0.008 col=W
[2026-06-21 22:46:49] [DEBUG]   Homelessness: best PHN phn_2017_name rate=0.005 col=B
[2026-06-21 22:46:52] [DEBUG]   Income_support: best LGA dominant_lga_code_2021 rate=0.012 col=AQ
[2026-06-21 22:46:54] [DEBUG]   Labour_force: best LGA dominant_lga_code_2021 rate=0.006 col=L
[2026-06-21 22:46:54] [DEBUG]   Private_health_insurance: best PHN phn_2017_name rate=0.005 col=B
[2026-06-21 22:46:55] [DEBUG]   IRSD: best LGA dominant_lga_code_2021 rate=0.006 col=G
[2026-06-21 22:46:55] [DEBUG]   PHAs: best SA2 sa2_code_2021 rate=0.759 col=A
[2026-06-21 22:46:55] [INFO] Opening workbook 6/9: 06_phn_socioeconomic_disadvantage_socioeconomic_disadvantage_of_area_within_primary_health_networks_phns_data_xlsx.xlsx
[2026-06-21 22:46:56] [INFO]   Sheets selected: 82
[2026-06-21 22:46:56] [DEBUG]   Population_proportion: best PHN phn_2017_code rate=0.886 col=A
[2026-06-21 22:46:56] [DEBUG]   Population_proportion_age: best PHN phn_2017_code rate=0.886 col=A
[2026-06-21 22:46:56] [DEBUG]   Birthplace_NES_residents: best PHN phn_2017_code rate=0.886 col=A
[2026-06-21 22:46:57] [DEBUG]   Birthplace_Top_ten_NES: best PHN phn_2017_code rate=0.886 col=A
[2026-06-21 22:46:57] [DEBUG]   Migrants_humanitarian: best PHN phn_2017_code rate=0.886 col=A
[2026-06-21 22:46:57] [DEBUG]   Migrants_family: best PHN phn_2017_code rate=0.886 col=A
[2026-06-21 22:46:58] [DEBUG]   Migrants_skilled: best PHN phn_2017_code rate=0.886 col=A
[2026-06-21 22:46:58] [DEBUG]   Migrants_total: best PHN phn_2017_code rate=0.886 col=A
[2026-06-21 22:46:58] [DEBUG]   Total_fertility_rate: best PHN phn_2017_code rate=0.886 col=A
[2026-06-21 22:46:58] [DEBUG]   Education: best PHN phn_2017_code rate=0.886 col=A
[2026-06-21 22:47:00] [DEBUG]   Early_childhood_development: best PHN phn_2017_code rate=0.886 col=A
[2026-06-21 22:47:00] [DEBUG]   Learning_Earning: best PHN phn_2017_code rate=0.886 col=A
[2026-06-21 22:47:00] [DEBUG]   Families: best PHN phn_2017_code rate=0.886 col=A
[2026-06-21 22:47:00] [DEBUG]   Child_care: best PHN phn_2017_code rate=0.886 col=A
[2026-06-21 22:47:00] [DEBUG]   Volunteering: best PHN phn_2017_code rate=0.886 col=A
[2026-06-21 22:47:01] [DEBUG]   Housing_Transport: best PHN phn_2017_code rate=0.886 col=A
[2026-06-21 22:47:01] [DEBUG]   Homelessness: best PHN phn_2017_code rate=0.886 col=A
[2026-06-21 22:47:02] [DEBUG]   Income_support: best PHN phn_2017_code rate=0.886 col=A
[2026-06-21 22:47:02] [DEBUG]   Labour_force: best PHN phn_2017_code rate=0.886 col=A
[2026-06-21 22:47:02] [DEBUG]   Private_health_insurance: best PHN phn_2017_code rate=0.886 col=A
[2026-06-21 22:47:02] [DEBUG]   IRSD: best PHN phn_2017_code rate=0.886 col=A
[2026-06-21 22:47:02] [DEBUG]   Mothers_babies: best PHN phn_2017_code rate=0.886 col=A
[2026-06-21 22:47:03] [DEBUG]   Child_youth_health: best PHN phn_2017_code rate=0.886 col=A
[2026-06-21 22:47:03] [DEBUG]   Screening: best PHN phn_2017_code rate=0.886 col=A
[2026-06-21 22:47:04] [DEBUG]   Screening_age: best PHN phn_2017_code rate=0.886 col=A
[2026-06-21 22:47:04] [DEBUG]   Cancer_incidence_males: best PHN phn_2017_code rate=0.886 col=A
[2026-06-21 22:47:05] [DEBUG]   Cancer_incidence_females: best PHN phn_2017_code rate=0.886 col=A
[2026-06-21 22:47:05] [DEBUG]   Cancer_incidence_persons: best PHN phn_2017_code rate=0.886 col=A
[2026-06-21 22:47:06] [DEBUG]   Census_health_condition_total: best PHN phn_2017_code rate=0.886 col=A
[2026-06-21 22:47:06] [DEBUG]   Census_health_condition_adults: best PHN phn_2017_code rate=0.886 col=A
[2026-06-21 22:47:06] [DEBUG]   Census_health_condition_child: best PHN phn_2017_code rate=0.886 col=A
[2026-06-21 22:47:07] [DEBUG]   Census_condition_type_total: best PHN phn_2017_code rate=0.886 col=A
[2026-06-21 22:47:08] [DEBUG]   Census_condition_type_adults: best PHN phn_2017_code rate=0.886 col=A
[2026-06-21 22:47:08] [DEBUG]   Census_condition_type_children: best PHN phn_2017_code rate=0.886 col=A
[2026-06-21 22:47:08] [DEBUG]   Census_disability: best PHN phn_2017_code rate=0.886 col=A
[2026-06-21 22:47:08] [DEBUG]   Median_age_death: best PHN phn_2017_code rate=0.886 col=A
[2026-06-21 22:47:09] [DEBUG]   Premature_mortality_by_sex: best PHN phn_2017_code rate=0.886 col=A
[2026-06-21 22:47:09] [DEBUG]   Premature_mortality_by_cause: best PHN phn_2017_code rate=0.886 col=A
[2026-06-21 22:47:10] [DEBUG]   Avoidable_mortality_by_sex: best PHN phn_2017_code rate=0.886 col=A
[2026-06-21 22:47:10] [DEBUG]   Avoidable_mortality_by_cause: best PHN phn_2017_code rate=0.886 col=A
[2026-06-21 22:47:10] [DEBUG]   Years_life_lost: best PHN phn_2017_code rate=0.886 col=A
[2026-06-21 22:47:11] [DEBUG]   Years_life_lost_males_age: best PHN phn_2017_code rate=0.886 col=A
[2026-06-21 22:47:11] [DEBUG]   Years_life_lost_females_age: best PHN phn_2017_code rate=0.886 col=A
[2026-06-21 22:47:11] [DEBUG]   Years_life_lost_persons_age: best PHN phn_2017_code rate=0.886 col=A
[2026-06-21 22:47:12] [DEBUG]   Years_life_lost_by_cause: best PHN phn_2017_code rate=0.886 col=A
[2026-06-21 22:47:12] [DEBUG]   Aged_care_places: best PHN phn_2017_code rate=0.886 col=A
[2026-06-21 22:47:12] [DEBUG]   NDIS_disability: best PHN phn_2017_code rate=0.886 col=A
[2026-06-21 22:47:13] [DEBUG]   NDIS_Autism_age: best PHN phn_2017_code rate=0.886 col=A
[2026-06-21 22:47:13] [DEBUG]   CMHCS_by_sex: best PHN phn_2017_code rate=0.886 col=A
[2026-06-21 22:47:13] [DEBUG]   CMHCS_by_principal_diag: best PHN phn_2017_code rate=0.886 col=A
[2026-06-21 22:47:14] [DEBUG]   CHSP: best PHN phn_2017_code rate=0.886 col=A
[2026-06-21 22:47:14] [DEBUG]   Hosp_type_sex: best PHN phn_2017_code rate=0.886 col=A
[2026-06-21 22:47:15] [DEBUG]   Admiss_principal_diag_males: best PHN phn_2017_code rate=0.886 col=A
[2026-06-21 22:47:17] [DEBUG]   Admiss_principal_diag_females: best PHN phn_2017_code rate=0.886 col=A
[2026-06-21 22:47:18] [DEBUG]   Admiss_principal_diag_persons: best PHN phn_2017_code rate=0.886 col=A
[2026-06-21 22:47:18] [DEBUG]   Admiss_principal_ext_males: best PHN phn_2017_code rate=0.886 col=A
[2026-06-21 22:47:18] [DEBUG]   Admiss_principal_ext_females: best PHN phn_2017_code rate=0.886 col=A
[2026-06-21 22:47:19] [DEBUG]   Admiss_principal_ext_persons: best PHN phn_2017_code rate=0.886 col=A
[2026-06-21 22:47:20] [DEBUG]   Admissions_procedures: best PHN phn_2017_code rate=0.886 col=A
[2026-06-21 22:47:20] [DEBUG]   Admissions_same_day_renal: best PHN phn_2017_code rate=0.886 col=A
[2026-06-21 22:47:20] [DEBUG]   Admissions_prevent_diag_total: best PHN phn_2017_code rate=0.886 col=A
[2026-06-21 22:47:20] [DEBUG]   Admissions_prevent_diag_vaccin: best PHN phn_2017_code rate=0.886 col=A
[2026-06-21 22:47:21] [DEBUG]   Admissions_prevent_diag_acute: best PHN phn_2017_code rate=0.886 col=A
[2026-06-21 22:47:21] [DEBUG]   Admissions_prevent_diag_chronic: best PHN phn_2017_code rate=0.886 col=A
[2026-06-21 22:47:21] [DEBUG]   ED_total_sex: best PHN phn_2017_code rate=0.886 col=A
[2026-06-21 22:47:22] [DEBUG]   ED_total_age_sex: best PHN phn_2017_code rate=0.886 col=A
[2026-06-21 22:47:22] [DEBUG]   ED_total_triage_category: best PHN phn_2017_code rate=0.886 col=A
[2026-06-21 22:47:23] [DEBUG]   ED_diagnosis: best PHN phn_2017_code rate=0.886 col=A
[2026-06-21 22:47:23] [DEBUG]   ED_infectious_age: best PHN phn_2017_code rate=0.886 col=A
[2026-06-21 22:47:24] [DEBUG]   ED_mental_disorders_age: best PHN phn_2017_code rate=0.886 col=A
[2026-06-21 22:47:24] [DEBUG]   ED_circulatory_age: best PHN phn_2017_code rate=0.886 col=A
[2026-06-21 22:47:24] [DEBUG]   ED_respiratory_age: best PHN phn_2017_code rate=0.886 col=A
[2026-06-21 22:47:25] [DEBUG]   ED_digestive_age: best PHN phn_2017_code rate=0.886 col=A
[2026-06-21 22:47:25] [DEBUG]   ED_musculoskeletal_age: best PHN phn_2017_code rate=0.886 col=A
[2026-06-21 22:47:26] [DEBUG]   ED_genitourinary_age_sex: best PHN phn_2017_code rate=0.886 col=A
[2026-06-21 22:47:27] [DEBUG]   ED_injury_age_sex: best PHN phn_2017_code rate=0.886 col=A
[2026-06-21 22:47:27] [DEBUG]   ED_health_status_contact_age: best PHN phn_2017_code rate=0.886 col=A
[2026-06-21 22:47:27] [INFO] Opening workbook 7/9: 07_phn_first_nations_aboriginal_torres_strait_islander_data_by_primary_health_network_incl_component_iares_xlsx.xlsx
[2026-06-21 22:47:27] [INFO]   Sheets selected: 61
[2026-06-21 22:47:29] [DEBUG]   Age_dist_Males: best PHN phn_2017_code rate=0.065 col=A
[2026-06-21 22:47:30] [DEBUG]   Age_dist_Females: best PHN phn_2017_code rate=0.065 col=A
[2026-06-21 22:47:32] [DEBUG]   Age_dist_Persons: best PHN phn_2017_code rate=0.065 col=A
[2026-06-21 22:47:32] [DEBUG]   Population_proportion: best PHN phn_2017_code rate=0.065 col=A
[2026-06-21 22:47:33] [DEBUG]   Population_proportion_age: best PHN phn_2017_code rate=0.065 col=A
[2026-06-21 22:47:33] [DEBUG]   Total_fertility_rate: best PHN phn_2017_code rate=0.065 col=A
[2026-06-21 22:47:34] [DEBUG]   Education: best PHN phn_2017_code rate=0.065 col=A
[2026-06-21 22:47:35] [DEBUG]   Early_childhood_development: best PHN phn_2017_code rate=0.065 col=A
[2026-06-21 22:47:36] [DEBUG]   Learning_or_Earning: best PHN phn_2017_code rate=0.065 col=A
[2026-06-21 22:47:36] [DEBUG]   Families: best PHN phn_2017_code rate=0.065 col=A
[2026-06-21 22:47:37] [DEBUG]   Housing: best PHN phn_2017_code rate=0.065 col=A
[2026-06-21 22:47:37] [DEBUG]   Labour_force: best PHN phn_2017_code rate=0.065 col=A
[2026-06-21 22:47:38] [DEBUG]   IRSEO: best PHN phn_2017_code rate=0.065 col=A
[2026-06-21 22:47:38] [DEBUG]   Mothers_babies: best PHN phn_2017_code rate=0.065 col=A
[2026-06-21 22:47:38] [DEBUG]   Immunisation: best PHN phn_2017_code rate=0.065 col=A
[2026-06-21 22:47:39] [DEBUG]   Census_health_condition_total: best PHN phn_2017_code rate=0.065 col=A
[2026-06-21 22:47:40] [DEBUG]   Census_health_condition_adults: best PHN phn_2017_code rate=0.065 col=A
[2026-06-21 22:47:40] [DEBUG]   Census_health_condition_child: best PHN phn_2017_code rate=0.065 col=A
[2026-06-21 22:47:41] [DEBUG]   Census_condition_type_total: best PHN phn_2017_code rate=0.065 col=A
[2026-06-21 22:47:42] [DEBUG]   Census_condition_type_adults: best PHN phn_2017_code rate=0.065 col=A
[2026-06-21 22:47:42] [DEBUG]   Census_condition_type_children: best PHN phn_2017_code rate=0.065 col=A
[2026-06-21 22:47:43] [DEBUG]   Disability: best PHN phn_2017_code rate=0.065 col=A
[2026-06-21 22:47:43] [DEBUG]   Median_age_death: best PHN phn_2017_code rate=0.065 col=A
[2026-06-21 22:47:45] [DEBUG]   Premature_deaths_by_sex: best PHN phn_2017_code rate=0.065 col=A
[2026-06-21 22:47:45] [DEBUG]   Premature_deaths_by_cause_0-54: best PHN phn_2017_code rate=0.065 col=A
[2026-06-21 22:47:46] [DEBUG]   Premature_deaths_by_cause_0-64: best PHN phn_2017_code rate=0.065 col=A
[2026-06-21 22:47:48] [DEBUG]   Premature_deaths_by_cause_0-74: best PHN phn_2017_code rate=0.065 col=A
[2026-06-21 22:47:48] [DEBUG]   Avoidable_deaths_by_sex: best PHN phn_2017_code rate=0.065 col=A
[2026-06-21 22:47:50] [DEBUG]   Avoidable_deaths_by_cause: best PHN phn_2017_code rate=0.065 col=A
[2026-06-21 22:47:52] [DEBUG]   Years_life_lost_age_sex: best PHN phn_2017_code rate=0.065 col=A
[2026-06-21 22:47:54] [DEBUG]   Years_life_lost_cause: best PHN phn_2017_code rate=0.065 col=A
[2026-06-21 22:47:54] [DEBUG]   CHSP: best PHN phn_2017_code rate=0.065 col=A
[2026-06-21 22:47:54] [DEBUG]   Admissions_sex: best PHN phn_2017_code rate=0.065 col=A
[2026-06-21 22:47:55] [DEBUG]   Admissions_age: best PHN phn_2017_code rate=0.065 col=A
[2026-06-21 22:47:57] [DEBUG]   Admissions_principal_diag: best PHN phn_2017_code rate=0.065 col=A
[2026-06-21 22:47:58] [DEBUG]   Admissions_principal_diag_age: best PHN phn_2017_code rate=0.065 col=A
[2026-06-21 22:47:59] [DEBUG]   Admissions_principal_ext_cause: best PHN phn_2017_code rate=0.065 col=A
[2026-06-21 22:47:59] [DEBUG]   Admissions_same_day_renal: best PHN phn_2017_code rate=0.065 col=A
[2026-06-21 22:47:59] [DEBUG]   Admissions_total_prev_age: best PHN phn_2017_code rate=0.065 col=A
[2026-06-21 22:48:00] [DEBUG]   Admissions_vaccine_prev: best PHN phn_2017_code rate=0.065 col=A
[2026-06-21 22:48:00] [DEBUG]   Admissions_acute_prev: best PHN phn_2017_code rate=0.065 col=A
[2026-06-21 22:48:01] [DEBUG]   Admissions_chronic_prev: best PHN phn_2017_code rate=0.065 col=A
[2026-06-21 22:48:01] [DEBUG]   ED_sex: best PHN phn_2017_code rate=0.065 col=A
[2026-06-21 22:48:02] [DEBUG]   ED_age: best PHN phn_2017_code rate=0.065 col=A
[2026-06-21 22:48:02] [DEBUG]   ED_total_triage_category: best PHN phn_2017_code rate=0.065 col=A
[2026-06-21 22:48:03] [DEBUG]   ED_resus_emerg_urg: best PHN phn_2017_code rate=0.065 col=A
[2026-06-21 22:48:04] [DEBUG]   ED_principal_diag_males: best PHN phn_2017_code rate=0.065 col=A
[2026-06-21 22:48:05] [DEBUG]   ED_principal_diag_females: best PHN phn_2017_code rate=0.065 col=A
[2026-06-21 22:48:05] [DEBUG]   ED_principal_diag_total: best PHN phn_2017_code rate=0.065 col=A
[2026-06-21 22:48:06] [DEBUG]   ED_mental_age: best PHN phn_2017_code rate=0.065 col=A
[2026-06-21 22:48:06] [DEBUG]   ED_respiratory_age: best PHN phn_2017_code rate=0.065 col=A
[2026-06-21 22:48:07] [DEBUG]   ED_digestive_age: best PHN phn_2017_code rate=0.065 col=A
[2026-06-21 22:48:07] [DEBUG]   ED_musculo_age: best PHN phn_2017_code rate=0.065 col=A
[2026-06-21 22:48:08] [DEBUG]   ED_genit_age: best PHN phn_2017_code rate=0.065 col=A
[2026-06-21 22:48:09] [DEBUG]   ED_injury_age_sex: best PHN phn_2017_code rate=0.065 col=A
[2026-06-21 22:48:10] [DEBUG]   ED_factors_age: best PHN phn_2017_code rate=0.065 col=A
[2026-06-21 22:48:10] [INFO] Opening workbook 8/9: 09_unknown_socioeconomic_disadvantage_indigenous_status_comparison_by_socioeconomic_outcomes_of_area_data_xlsx.xlsx
[2026-06-21 22:48:11] [INFO]   Sheets selected: 56
[2026-06-21 22:48:11] [DEBUG]   Population_proportion: best PHN phn_2017_name rate=0.143 col=A
[2026-06-21 22:48:11] [DEBUG]   Population_proportion_age: best PHN phn_2017_name rate=0.143 col=A
[2026-06-21 22:48:11] [DEBUG]   Total_fertility_rate: best PHN phn_2017_name rate=0.143 col=A
[2026-06-21 22:48:12] [DEBUG]   Education: best PHN phn_2017_name rate=0.143 col=A
[2026-06-21 22:48:12] [DEBUG]   Early_childhood_development: best PHN phn_2017_name rate=0.143 col=A
[2026-06-21 22:48:12] [DEBUG]   Learning_or_Earning: best PHN phn_2017_name rate=0.143 col=A
[2026-06-21 22:48:12] [DEBUG]   Families: best PHN phn_2017_name rate=0.143 col=A
[2026-06-21 22:48:13] [DEBUG]   Housing: best PHN phn_2017_name rate=0.143 col=A
[2026-06-21 22:48:13] [DEBUG]   Labour_force: best PHN phn_2017_name rate=0.143 col=A
[2026-06-21 22:48:13] [DEBUG]   Mothers_babies: best PHN phn_2017_name rate=0.143 col=A
[2026-06-21 22:48:13] [DEBUG]   Immunisation: best PHN phn_2017_name rate=0.143 col=A
[2026-06-21 22:48:13] [DEBUG]   Census_health_condition_total: best PHN phn_2017_name rate=0.143 col=A
[2026-06-21 22:48:14] [DEBUG]   Census_health_condition_adults: best PHN phn_2017_name rate=0.143 col=A
[2026-06-21 22:48:14] [DEBUG]   Census_health_condition_child: best PHN phn_2017_name rate=0.143 col=A
[2026-06-21 22:48:14] [DEBUG]   Census_condition_type_total: best PHN phn_2017_name rate=0.143 col=A
[2026-06-21 22:48:15] [DEBUG]   Census_condition_type_adults: best PHN phn_2017_name rate=0.143 col=A
[2026-06-21 22:48:15] [DEBUG]   Census_condition_type_children: best PHN phn_2017_name rate=0.143 col=A
[2026-06-21 22:48:15] [DEBUG]   Disability: best PHN phn_2017_name rate=0.143 col=A
[2026-06-21 22:48:15] [DEBUG]   Median_age_death: best PHN phn_2017_name rate=0.143 col=A
[2026-06-21 22:48:15] [DEBUG]   Premature_deaths_by_sex: best PHN phn_2017_name rate=0.143 col=A
[2026-06-21 22:48:15] [DEBUG]   Premature_deaths_by_cause_0-54: best PHN phn_2017_name rate=0.143 col=A
[2026-06-21 22:48:16] [DEBUG]   Premature_deaths_by_cause_0-64: best PHN phn_2017_name rate=0.143 col=A
[2026-06-21 22:48:16] [DEBUG]   Premature_deaths_by_cause_0-74: best PHN phn_2017_name rate=0.143 col=A
[2026-06-21 22:48:16] [DEBUG]   Avoidable_deaths_by_sex: best PHN phn_2017_name rate=0.143 col=A
[2026-06-21 22:48:16] [DEBUG]   Avoidable_deaths_by_cause: best PHN phn_2017_name rate=0.143 col=A
[2026-06-21 22:48:17] [DEBUG]   Years_life_lost_age_sex: best PHN phn_2017_name rate=0.143 col=A
[2026-06-21 22:48:17] [DEBUG]   Years_life_lost_cause: best PHN phn_2017_name rate=0.143 col=A
[2026-06-21 22:48:17] [DEBUG]   Admissions_sex: best PHN phn_2017_name rate=0.143 col=A
[2026-06-21 22:48:18] [DEBUG]   Admissions_age: best PHN phn_2017_name rate=0.143 col=A
[2026-06-21 22:48:19] [DEBUG]   Admissions_principal_diag: best PHN phn_2017_name rate=0.143 col=A
[2026-06-21 22:48:19] [DEBUG]   Admissions_principal_diag_age: best PHN phn_2017_name rate=0.143 col=A
[2026-06-21 22:48:19] [DEBUG]   Admissions_principal_ext_cause: best PHN phn_2017_name rate=0.143 col=A
[2026-06-21 22:48:19] [DEBUG]   Admissions_same_day_renal: best PHN phn_2017_name rate=0.143 col=A
[2026-06-21 22:48:19] [DEBUG]   Admissions_total_prev_age: best PHN phn_2017_name rate=0.143 col=A
[2026-06-21 22:48:19] [DEBUG]   Admissions_vaccine_prev: best PHN phn_2017_name rate=0.143 col=A
[2026-06-21 22:48:20] [DEBUG]   Admissions_acute_prev: best PHN phn_2017_name rate=0.143 col=A
[2026-06-21 22:48:20] [DEBUG]   Admissions_chronic_prev: best PHN phn_2017_name rate=0.143 col=A
[2026-06-21 22:48:20] [DEBUG]   ED_sex: best PHN phn_2017_name rate=0.143 col=A
[2026-06-21 22:48:20] [DEBUG]   ED_age: best PHN phn_2017_name rate=0.143 col=A
[2026-06-21 22:48:20] [DEBUG]   ED_total_triage_category: best PHN phn_2017_name rate=0.143 col=A
[2026-06-21 22:48:21] [DEBUG]   ED_resus_emerg_urg: best PHN phn_2017_name rate=0.143 col=A
[2026-06-21 22:48:21] [DEBUG]   ED_principal_diag_males: best PHN phn_2017_name rate=0.143 col=A
[2026-06-21 22:48:22] [DEBUG]   ED_principal_diag_females: best PHN phn_2017_name rate=0.143 col=A
[2026-06-21 22:48:22] [DEBUG]   ED_principal_diag_total: best PHN phn_2017_name rate=0.143 col=A
[2026-06-21 22:48:22] [DEBUG]   ED_mental_age: best PHN phn_2017_name rate=0.143 col=A
[2026-06-21 22:48:22] [DEBUG]   ED_respiratory_age: best PHN phn_2017_name rate=0.143 col=A
[2026-06-21 22:48:22] [DEBUG]   ED_digestive_age: best PHN phn_2017_name rate=0.143 col=A
[2026-06-21 22:48:22] [DEBUG]   ED_musculo_age: best PHN phn_2017_name rate=0.143 col=A
[2026-06-21 22:48:23] [DEBUG]   ED_genit_age: best PHN phn_2017_name rate=0.143 col=A
[2026-06-21 22:48:23] [DEBUG]   ED_injury_age_sex: best PHN phn_2017_name rate=0.143 col=A
[2026-06-21 22:48:23] [DEBUG]   ED_factors_age: best PHN phn_2017_name rate=0.143 col=A
[2026-06-21 22:48:23] [INFO] Opening workbook 9/9: 10_seifa_quintile_socioeconomic_disadvantage_socioeconomic_disadvantage_of_area_data_xlsx.xlsx
[2026-06-21 22:48:24] [INFO]   Sheets selected: 88
[2026-06-21 22:48:24] [DEBUG]   Population_proportion: best PHN phn_2017_name rate=0.079 col=A
[2026-06-21 22:48:24] [DEBUG]   Population_proportion_age: best PHN phn_2017_name rate=0.079 col=A
[2026-06-21 22:48:25] [DEBUG]   Birthplace_NES_residents: best PHN phn_2017_name rate=0.079 col=A
[2026-06-21 22:48:25] [DEBUG]   Birthplace_Top_ten_NES: best PHN phn_2017_name rate=0.079 col=A
[2026-06-21 22:48:25] [DEBUG]   Migrants_humanitarian: best PHN phn_2017_name rate=0.079 col=A
[2026-06-21 22:48:25] [DEBUG]   Migrants_family: best PHN phn_2017_name rate=0.079 col=A
[2026-06-21 22:48:25] [DEBUG]   Migrants_skilled: best PHN phn_2017_name rate=0.079 col=A
[2026-06-21 22:48:25] [DEBUG]   Migrants_total: best PHN phn_2017_name rate=0.079 col=A
[2026-06-21 22:48:25] [DEBUG]   Total_fertility_rate: best PHN phn_2017_name rate=0.079 col=A
[2026-06-21 22:48:26] [DEBUG]   Education: best PHN phn_2017_name rate=0.079 col=A
[2026-06-21 22:48:26] [DEBUG]   Early_childhood_development: best PHN phn_2017_name rate=0.079 col=A
[2026-06-21 22:48:27] [DEBUG]   Learning_Earning: best PHN phn_2017_name rate=0.079 col=A
[2026-06-21 22:48:27] [DEBUG]   Families: best PHN phn_2017_name rate=0.079 col=A
[2026-06-21 22:48:27] [DEBUG]   Child_care: best PHN phn_2017_name rate=0.079 col=A
[2026-06-21 22:48:27] [DEBUG]   Volunteering: best PHN phn_2017_name rate=0.079 col=A
[2026-06-21 22:48:27] [DEBUG]   Housing_Transport: best PHN phn_2017_name rate=0.079 col=A
[2026-06-21 22:48:27] [DEBUG]   Homelessness: best PHN phn_2017_name rate=0.079 col=A
[2026-06-21 22:48:28] [DEBUG]   Income_support: best PHN phn_2017_name rate=0.079 col=A
[2026-06-21 22:48:28] [DEBUG]   Labour_force: best PHN phn_2017_name rate=0.079 col=A
[2026-06-21 22:48:28] [DEBUG]   Private_health_insurance: best PHN phn_2017_name rate=0.079 col=A
[2026-06-21 22:48:28] [DEBUG]   IRSD: best PHN phn_2017_name rate=0.079 col=A
[2026-06-21 22:48:28] [DEBUG]   Mothers_babies: best PHN phn_2017_name rate=0.079 col=A
[2026-06-21 22:48:28] [DEBUG]   Child_and_youth_health: best PHN phn_2017_name rate=0.079 col=A
[2026-06-21 22:48:29] [DEBUG]   Screening: best PHN phn_2017_name rate=0.079 col=A
[2026-06-21 22:48:29] [DEBUG]   Screening_age: best PHN phn_2017_name rate=0.079 col=A
[2026-06-21 22:48:29] [DEBUG]   Cancer_incidence_males: best PHN phn_2017_name rate=0.103 col=A
[2026-06-21 22:48:30] [DEBUG]   Cancer_incidence_females: best PHN phn_2017_name rate=0.103 col=A
[2026-06-21 22:48:30] [DEBUG]   Cancer_incidence_persons: best PHN phn_2017_name rate=0.103 col=A
[2026-06-21 22:48:30] [DEBUG]   Census_health_condition_total: best PHN phn_2017_name rate=0.079 col=A
[2026-06-21 22:48:30] [DEBUG]   Census_health_condition_adults: best PHN phn_2017_name rate=0.079 col=A
[2026-06-21 22:48:31] [DEBUG]   Census_health_condition_child: best PHN phn_2017_name rate=0.079 col=A
[2026-06-21 22:48:31] [DEBUG]   Census_condition_type_total: best PHN phn_2017_name rate=0.079 col=A
[2026-06-21 22:48:31] [DEBUG]   Census_condition_type_adults: best PHN phn_2017_name rate=0.079 col=A
[2026-06-21 22:48:31] [DEBUG]   Census_condition_type_children: best PHN phn_2017_name rate=0.079 col=A
[2026-06-21 22:48:32] [DEBUG]   Estimates_mental_health_males: best PHN phn_2017_name rate=0.079 col=A
[2026-06-21 22:48:32] [DEBUG]   Estimates_mental_health_females: best PHN phn_2017_name rate=0.079 col=A
[2026-06-21 22:48:32] [DEBUG]   Estimates_mental_health_persons: best PHN phn_2017_name rate=0.079 col=A
[2026-06-21 22:48:32] [DEBUG]   Estimates_self_assessed_health: best PHN phn_2017_name rate=0.079 col=A
[2026-06-21 22:48:32] [DEBUG]   Estimates_risk_factors_adults: best PHN phn_2017_name rate=0.079 col=A
[2026-06-21 22:48:32] [DEBUG]   Estimates_risk_factors_children: best PHN phn_2017_name rate=0.079 col=A
[2026-06-21 22:48:32] [DEBUG]   Census_disability: best PHN phn_2017_name rate=0.079 col=A
[2026-06-21 22:48:33] [DEBUG]   Median_age_death: best PHN phn_2017_name rate=0.079 col=A
[2026-06-21 22:48:33] [DEBUG]   Premature_mortality_by_sex: best PHN phn_2017_name rate=0.079 col=A
[2026-06-21 22:48:33] [DEBUG]   Premature_mortality_by_cause: best PHN phn_2017_name rate=0.079 col=A
[2026-06-21 22:48:34] [DEBUG]   Avoidable_mortality_by_sex: best PHN phn_2017_name rate=0.079 col=A
[2026-06-21 22:48:34] [DEBUG]   Avoidable_mortality_by_cause: best PHN phn_2017_name rate=0.079 col=A
[2026-06-21 22:48:34] [DEBUG]   Years_life_lost: best PHN phn_2017_name rate=0.079 col=A
[2026-06-21 22:48:35] [DEBUG]   Years_life_lost_males_age: best PHN phn_2017_name rate=0.079 col=A
[2026-06-21 22:48:35] [DEBUG]   Years_life_lost_females_age: best PHN phn_2017_name rate=0.079 col=A
[2026-06-21 22:48:35] [DEBUG]   Years_life_lost_persons_age: best PHN phn_2017_name rate=0.079 col=A
[2026-06-21 22:48:36] [DEBUG]   Years_life_lost_by_cause: best PHN phn_2017_name rate=0.079 col=A
[2026-06-21 22:48:36] [DEBUG]   Aged_care_places: best PHN phn_2017_name rate=0.079 col=A
[2026-06-21 22:48:36] [DEBUG]   NDIS_disability: best PHN phn_2017_name rate=0.079 col=A
[2026-06-21 22:48:36] [DEBUG]   NDIS_Autism_age: best PHN phn_2017_name rate=0.079 col=A
[2026-06-21 22:48:36] [DEBUG]   CMHCS_by_sex: best PHN phn_2017_name rate=0.079 col=A
[2026-06-21 22:48:37] [DEBUG]   CMHCS_by_principal_diag: best PHN phn_2017_name rate=0.079 col=A
[2026-06-21 22:48:37] [DEBUG]   CHSP: best PHN phn_2017_name rate=0.079 col=A
[2026-06-21 22:48:38] [DEBUG]   Hosp_type_sex: best PHN phn_2017_name rate=0.079 col=A
[2026-06-21 22:48:38] [DEBUG]   Admiss_principal_diag_males: best PHN phn_2017_name rate=0.079 col=A
[2026-06-21 22:48:39] [DEBUG]   Admiss_principal_diag_females: best PHN phn_2017_name rate=0.079 col=A
[2026-06-21 22:48:40] [DEBUG]   Admiss_principal_diag_persons: best PHN phn_2017_name rate=0.079 col=A
[2026-06-21 22:48:40] [DEBUG]   Admiss_principal_ext_males: best PHN phn_2017_name rate=0.079 col=A
[2026-06-21 22:48:41] [DEBUG]   Admiss_principal_ext_females: best PHN phn_2017_name rate=0.079 col=A
[2026-06-21 22:48:41] [DEBUG]   Admiss_principal_ext_persons: best PHN phn_2017_name rate=0.079 col=A
[2026-06-21 22:48:42] [DEBUG]   Admissions_procedures: best PHN phn_2017_name rate=0.079 col=A
[2026-06-21 22:48:42] [DEBUG]   Admissions_same_day_renal: best PHN phn_2017_name rate=0.079 col=A
[2026-06-21 22:48:42] [DEBUG]   Admissions_prevent_diag_total: best PHN phn_2017_name rate=0.079 col=A
[2026-06-21 22:48:42] [DEBUG]   Admissions_prevent_diag_vaccin: best PHN phn_2017_name rate=0.079 col=A
[2026-06-21 22:48:43] [DEBUG]   Admissions_prevent_diag_acute: best PHN phn_2017_name rate=0.079 col=A
[2026-06-21 22:48:43] [DEBUG]   Admissions_prevent_diag_chronic: best PHN phn_2017_name rate=0.079 col=A
[2026-06-21 22:48:43] [DEBUG]   ED_total_sex: best PHN phn_2017_name rate=0.079 col=A
[2026-06-21 22:48:44] [DEBUG]   ED_total_age_sex: best PHN phn_2017_name rate=0.079 col=A
[2026-06-21 22:48:44] [DEBUG]   ED_total_triage_category: best PHN phn_2017_name rate=0.079 col=A
[2026-06-21 22:48:44] [DEBUG]   ED_diagnosis: best PHN phn_2017_name rate=0.079 col=A
[2026-06-21 22:48:45] [DEBUG]   ED_infectious_age: best PHN phn_2017_name rate=0.079 col=A
[2026-06-21 22:48:45] [DEBUG]   ED_mental_disorders_age: best PHN phn_2017_name rate=0.079 col=A
[2026-06-21 22:48:45] [DEBUG]   ED_circulatory_age: best PHN phn_2017_name rate=0.079 col=A
[2026-06-21 22:48:45] [DEBUG]   ED_respiratory_age: best PHN phn_2017_name rate=0.079 col=A
[2026-06-21 22:48:46] [DEBUG]   ED_digestive_age: best PHN phn_2017_name rate=0.079 col=A
[2026-06-21 22:48:46] [DEBUG]   ED_musculoskeletal_age: best PHN phn_2017_name rate=0.079 col=A
[2026-06-21 22:48:46] [DEBUG]   ED_genitourinary_age_sex: best PHN phn_2017_name rate=0.079 col=A
[2026-06-21 22:48:47] [DEBUG]   ED_injury_age_sex: best PHN phn_2017_name rate=0.079 col=A
[2026-06-21 22:48:48] [DEBUG]   ED_health_status_contact_age: best PHN phn_2017_name rate=0.079 col=A
[2026-06-21 22:48:48] [INFO] Writing CSV: D:\Good Measure\MentalWellbeingByGeography\outputs\audits\phidu_deep_key_probe_v11.csv
[2026-06-21 22:48:48] [INFO] Writing CSV: D:\Good Measure\MentalWellbeingByGeography\outputs\audits\phidu_deep_sheet_summary_v11.csv
[2026-06-21 22:48:48] [INFO] Writing CSV: D:\Good Measure\MentalWellbeingByGeography\outputs\audits\phidu_deep_join_readiness_v11.csv
[2026-06-21 22:48:48] [INFO] Writing CSV: D:\Good Measure\MentalWellbeingByGeography\docs\source_registers\phidu_deep_key_probe_register_v11.csv
[2026-06-21 22:48:48] [INFO] Writing CSV: D:\Good Measure\MentalWellbeingByGeography\outputs\audits\phidu_deep_probe_run_audit_v11.csv
[2026-06-21 22:48:48] [INFO] Writing methodology note: D:\Good Measure\MentalWellbeingByGeography\docs\methodology\phidu_deep_key_probe_note_v11.md
[2026-06-21 22:48:48] [INFO] PHIDU deep key probe complete.
[2026-06-21 22:48:48] [INFO] Recommended actions:
recommended_action
manual_review_key_match_below_threshold    552
[2026-06-21 22:48:48] [INFO] Next action: inspect phidu_deep_join_readiness_v11.csv and phidu_deep_key_probe_v11.csv before any PHIDU integration script.
