[2026-06-22 10:20:52] [INFO] Log path: D:\Good Measure\MentalWellbeingbyGeography\outputs\logs\22_extract_phidu_lga_phn_context_official_20260622_102052.log
[2026-06-22 10:20:52] [INFO] PHIDU official LGA/PHN context extraction v12
[2026-06-22 10:20:52] [INFO] Project root: D:\Good Measure\MentalWellbeingbyGeography
[2026-06-22 10:20:52] [INFO] Reading base master: D:\Good Measure\MentalWellbeingbyGeography\data\processed\integrated\sa2_predictor_universe_v08_with_clean_housing_context.parquet
[2026-06-22 10:20:53] [INFO] Base master rows: 2472; columns: 1921
[2026-06-22 10:20:53] [INFO] Master key counts: LGA codes=463; LGA names=463; PHN codes=31; PHN names=31
[2026-06-22 10:20:53] [INFO] Downloading: https://phidu.torrens.edu.au/current/data/sha-aust/lga/phidu_data_lga_aust.xlsx
[2026-06-22 10:20:56] [INFO] Downloading: https://phidu.torrens.edu.au/current/data/sha-aust/phn_pha_parts/phidu_data_phn_pha_parts_aust.xlsx
[2026-06-22 10:21:02] [INFO] Downloading: https://phidu.torrens.edu.au/current/data/sha-aust/phn_lga_parts/phidu_data_phn_lga_aust.xlsx
[2026-06-22 10:21:05] [INFO] Writing CSV: D:\Good Measure\MentalWellbeingbyGeography\outputs\audits\phidu_official_lga_phn_download_audit_v12.csv
[2026-06-22 10:21:06] [INFO] Inspecting phidu_official_lga_australia.xlsx; sheets selected: 13
[2026-06-22 10:22:37] [INFO] Inspecting phidu_official_phn_with_component_phas.xlsx; sheets selected: 18
[2026-06-22 10:37:00] [INFO] Inspecting phidu_official_phn_with_component_lgas.xlsx; sheets selected: 13
[2026-06-22 10:38:43] [INFO] Writing CSV: D:\Good Measure\MentalWellbeingbyGeography\outputs\audits\phidu_official_lga_phn_key_validation_v12.csv
[2026-06-22 10:38:43] [INFO] Writing CSV: D:\Good Measure\MentalWellbeingbyGeography\outputs\audits\phidu_official_lga_phn_indicator_inventory_v12.csv
[2026-06-22 10:38:43] [INFO] Writing CSV: D:\Good Measure\MentalWellbeingbyGeography\docs\source_registers\phidu_official_lga_phn_context_register_v12.csv
[2026-06-22 10:38:43] [INFO] Writing CSV: D:\Good Measure\MentalWellbeingbyGeography\data\processed\sources\phidu_lga_context_selected_wide_v12.csv
[2026-06-22 10:38:43] [INFO] Writing parquet: D:\Good Measure\MentalWellbeingbyGeography\data\processed\sources\phidu_lga_context_selected_wide_v12.parquet
[2026-06-22 10:38:43] [INFO] Writing CSV: D:\Good Measure\MentalWellbeingbyGeography\data\processed\sources\phidu_phn_context_selected_wide_v12.csv
[2026-06-22 10:38:43] [INFO] Writing parquet: D:\Good Measure\MentalWellbeingbyGeography\data\processed\sources\phidu_phn_context_selected_wide_v12.parquet
[2026-06-22 10:38:43] [INFO] Writing CSV: D:\Good Measure\MentalWellbeingbyGeography\data\processed\sources\phidu_lga_phn_context_selected_long_v12.csv
[2026-06-22 10:38:43] [INFO] Writing parquet: D:\Good Measure\MentalWellbeingbyGeography\data\processed\sources\phidu_lga_phn_context_selected_long_v12.parquet
[2026-06-22 10:38:43] [INFO] Writing CSV: D:\Good Measure\MentalWellbeingbyGeography\outputs\audits\phidu_official_lga_phn_join_readiness_v12.csv
[2026-06-22 10:38:43] [INFO] Writing methodology note: D:\Good Measure\MentalWellbeingbyGeography\docs\methodology\phidu_official_lga_phn_context_extraction_note_v12.md
[2026-06-22 10:38:43] [INFO] PHIDU official LGA/PHN context extraction complete.
[2026-06-22 10:38:43] [INFO] Readiness summary:
geography  context_table_created  context_rows  context_columns  unique_context_keys  extractable_priority_sheets  minimum_target_coverage_threshold                                      recommended_action                                                                                                                                                                 notes
      LGA                      1           442               84                  442                           13                               0.65 candidate_higher_level_context_join_after_manual_review Higher-level context only. Joining to SA2 will repeat values across SA2s assigned to the same LGA/PHN. Use grouped CV and do not interpret as direct SA2 measurement.
      PHN                      1            31              115                   31                           18                               0.85 candidate_higher_level_context_join_after_manual_review Higher-level context only. Joining to SA2 will repeat values across SA2s assigned to the same LGA/PHN. Use grouped CV and do not interpret as direct SA2 measurement.
