[2026-06-22 10:47:40] [INFO] Remaining raw source acquisition register v13
[2026-06-22 10:47:40] [INFO] Project root: D:\Good Measure\MentalWellbeingbyGeography
[2026-06-22 10:47:40] [INFO] Force download: False
[2026-06-22 10:47:40] [INFO] Download discovered links: False
[2026-06-22 10:47:40] [INFO] [1/14] aedc_child_development: AEDC Community Profiles page
[2026-06-22 10:47:40] [DEBUG] Fetching https://www.aedc.gov.au/data-hub/public-data/community-profiles
[2026-06-22 10:47:40] [INFO]   discovered links: 50
[2026-06-22 10:47:40] [INFO] [2/14] aedc_child_development: AEDC accessing data page
[2026-06-22 10:47:40] [DEBUG] Fetching https://www.aedc.gov.au/data-hub/accessing-aedc-data
[2026-06-22 10:47:41] [INFO]   discovered links: 54
[2026-06-22 10:47:41] [INFO] [3/14] aedc_child_development: AEDC 2024 results page
[2026-06-22 10:47:41] [DEBUG] Fetching https://www.aedc.gov.au/data-hub/public-data/2024-aedc-results
[2026-06-22 10:47:41] [INFO]   discovered links: 60
[2026-06-22 10:47:41] [INFO] [4/14] abs_homelessness_census: Estimating Homelessness Census latest release page
[2026-06-22 10:47:41] [DEBUG] Fetching https://www.abs.gov.au/statistics/people/housing/estimating-homelessness-census/latest-release
[2026-06-22 10:47:41] [INFO]   discovered links: 60
[2026-06-22 10:47:41] [INFO] [5/14] abs_homelessness_census: Estimating Homelessness 2021 data cube 005
[2026-06-22 10:47:41] [DEBUG] Fetching https://www.abs.gov.au/statistics/people/housing/estimating-homelessness-census/2021/20490do005_2021.xlsx
[2026-06-22 10:47:41] [INFO] [6/14] abs_homelessness_census: Estimating Homelessness 2021 data cube 006
[2026-06-22 10:47:41] [DEBUG] Fetching https://www.abs.gov.au/statistics/people/housing/estimating-homelessness-census/2021/20490do006_2021.xlsx
[2026-06-22 10:47:42] [INFO] [7/14] abs_homelessness_census_tablebuilder: ABS TableBuilder Estimating Homelessness page
[2026-06-22 10:47:42] [DEBUG] Fetching https://www.abs.gov.au/statistics/microdata-tablebuilder/available-microdata-tablebuilder/census-population-and-housing-estimating-homelessness
[2026-06-22 10:47:42] [INFO]   discovered links: 57
[2026-06-22 10:47:42] [INFO] [8/14] aihw_specialist_homelessness_services: SHS annual report 2024-25 data page
[2026-06-22 10:47:42] [DEBUG] Fetching https://www.aihw.gov.au/reports/homelessness-services/specialist-homelessness-services-annual-report/data
[2026-06-22 10:47:43] [INFO]   discovered links: 138
[2026-06-22 10:47:43] [INFO] [9/14] aihw_mental_health_regional_activity: Geospatial mental health services activity data
[2026-06-22 10:47:43] [DEBUG] Fetching https://www.aihw.gov.au/nmhspf/support-material/regional-activity-data
[2026-06-22 10:47:44] [INFO]   discovered links: 118
[2026-06-22 10:47:44] [INFO] [10/14] aihw_mental_health_data_tables: AIHW mental health data tables page
[2026-06-22 10:47:44] [DEBUG] Fetching https://www.aihw.gov.au/mental-health/resources/data-tables
[2026-06-22 10:47:46] [INFO]   discovered links: 177
[2026-06-22 10:47:46] [INFO] [11/14] aihw_mbs_primary_care_geography: Medicare-subsidised GP allied health and specialist services geography page
[2026-06-22 10:47:46] [DEBUG] Fetching https://www.aihw.gov.au/reports/primary-health-care/medicare-subsidised-gp-allied-health-specialist/contents/summary/variation-by-geography
[2026-06-22 10:47:48] [INFO]   discovered links: 121
[2026-06-22 10:47:48] [INFO] [12/14] ndis_service_area_candidate: NDIS Data Research Explore Data page
[2026-06-22 10:47:48] [DEBUG] Fetching https://dataresearch.ndis.gov.au/explore-data
[2026-06-22 10:47:48] [INFO]   discovered links: 68
[2026-06-22 10:47:48] [INFO] [13/14] state_health_geography_inventory: NSW Local Health Districts page
[2026-06-22 10:47:48] [DEBUG] Fetching https://www.health.nsw.gov.au/lhd/Pages/default.aspx
[2026-06-22 10:47:49] [INFO]   discovered links: 199
[2026-06-22 10:47:49] [INFO] [14/14] state_health_geography_inventory: Queensland Hospital and Health Services page
[2026-06-22 10:47:49] [DEBUG] Fetching https://www.health.qld.gov.au/system-governance/health-system/hhs
[2026-06-22 10:47:49] [INFO] Writing CSV: D:\Good Measure\MentalWellbeingbyGeography\outputs\audits\remaining_raw_source_acquisition_register_v13.csv
[2026-06-22 10:47:49] [INFO] Writing CSV: D:\Good Measure\MentalWellbeingbyGeography\outputs\audits\remaining_raw_source_candidate_link_audit_v13.csv
[2026-06-22 10:47:49] [INFO] Writing CSV: D:\Good Measure\MentalWellbeingbyGeography\docs\source_registers\remaining_raw_source_acquisition_register_v13.csv
[2026-06-22 10:47:49] [INFO] Writing CSV: D:\Good Measure\MentalWellbeingbyGeography\outputs\audits\remaining_raw_source_run_audit_v13.csv
[2026-06-22 10:47:49] [INFO] Writing methodology note: D:\Good Measure\MentalWellbeingbyGeography\docs\methodology\remaining_raw_source_acquisition_note_v13.md
[2026-06-22 10:47:49] [INFO] Remaining raw source acquisition complete.
[2026-06-22 10:47:49] [INFO] Summary:
[2026-06-22 10:47:49] [INFO]   source specs: 14
[2026-06-22 10:47:49] [INFO]   downloaded: 13
[2026-06-22 10:47:49] [INFO]   cached existing: 0
[2026-06-22 10:47:49] [INFO]   failed: 1
[2026-06-22 10:47:49] [INFO]   candidate download links discovered: 28
[2026-06-22 10:47:49] [INFO] Next action: inspect remaining_raw_source_acquisition_register_v13.csv and candidate link audit before any processing script.
