[2026-06-22 10:48:34] [INFO] Remaining raw source acquisition register v13
[2026-06-22 10:48:34] [INFO] Project root: D:\Good Measure\MentalWellbeingbyGeography
[2026-06-22 10:48:34] [INFO] Force download: False
[2026-06-22 10:48:34] [INFO] Download discovered links: True
[2026-06-22 10:48:34] [INFO] [1/14] aedc_child_development: AEDC Community Profiles page
[2026-06-22 10:48:34] [INFO]   discovered links: 50
[2026-06-22 10:48:34] [INFO] [2/14] aedc_child_development: AEDC accessing data page
[2026-06-22 10:48:34] [INFO]   discovered links: 54
[2026-06-22 10:48:34] [INFO] [3/14] aedc_child_development: AEDC 2024 results page
[2026-06-22 10:48:34] [INFO]   discovered links: 60
[2026-06-22 10:48:34] [DEBUG] Fetching https://www.aedc.gov.au/docs/default-source/default-document-library/participation-by-state-and-territory-and-collection-cycle70283858-d17c-468e-a962-2cf439aa5c71.xlsx?sfvrsn=10f6bbd8_1
[2026-06-22 10:48:34] [DEBUG] Fetching https://www.aedc.gov.au/docs/default-source/default-document-library/demographics-by-state-territory-and-collection-cycle.xlsx?sfvrsn=b8d66476_3
[2026-06-22 10:48:34] [DEBUG] Fetching https://www.aedc.gov.au/docs/default-source/default-document-library/summary-indicators-and-domains-by-demographics-and-priority-groups-(2009-2024).xlsx?sfvrsn=2477a115_1
[2026-06-22 10:48:34] [DEBUG] Fetching https://www.aedc.gov.au/docs/default-source/default-document-library/state-and-territory-trends-(2009-2024).xlsx?sfvrsn=1aef8c80_1
[2026-06-22 10:48:34] [INFO] [4/14] abs_homelessness_census: Estimating Homelessness Census latest release page
[2026-06-22 10:48:34] [INFO]   discovered links: 60
[2026-06-22 10:48:34] [DEBUG] Fetching https://www.abs.gov.au/statistics/people/housing/estimating-homelessness-census/2021/20490do001_2021.xlsx
[2026-06-22 10:48:35] [DEBUG] Fetching https://www.abs.gov.au/statistics/people/housing/estimating-homelessness-census/2021/20490do002_2021.xlsx
[2026-06-22 10:48:35] [DEBUG] Fetching https://www.abs.gov.au/statistics/people/housing/estimating-homelessness-census/2021/20490do003_2021.xlsx
[2026-06-22 10:48:35] [DEBUG] Fetching https://www.abs.gov.au/statistics/people/housing/estimating-homelessness-census/2021/20490do004_2021.xlsx
[2026-06-22 10:48:35] [DEBUG] Fetching https://www.abs.gov.au/statistics/people/housing/estimating-homelessness-census/2021/20490do005_2021.xlsx
[2026-06-22 10:48:35] [DEBUG] Fetching https://www.abs.gov.au/statistics/people/housing/estimating-homelessness-census/2021/20490do006_2021.xlsx
[2026-06-22 10:48:35] [DEBUG] Fetching https://www.abs.gov.au/statistics/people/housing/estimating-homelessness-census/2021/20490do007_2021.xlsx
[2026-06-22 10:48:35] [DEBUG] Fetching https://www.abs.gov.au/statistics/people/housing/estimating-homelessness-census/2021/20490do008_2021.xlsx
[2026-06-22 10:48:35] [INFO] [5/14] abs_homelessness_census: Estimating Homelessness 2021 data cube 005
[2026-06-22 10:48:35] [INFO] [6/14] abs_homelessness_census: Estimating Homelessness 2021 data cube 006
[2026-06-22 10:48:35] [INFO] [7/14] abs_homelessness_census_tablebuilder: ABS TableBuilder Estimating Homelessness page
[2026-06-22 10:48:35] [INFO]   discovered links: 57
[2026-06-22 10:48:35] [DEBUG] Fetching https://www.abs.gov.au/statistics/microdata-tablebuilder/available-microdata-tablebuilder/census-population-and-housing-estimating-homelessness/2049055002do001_2016.002.xls
[2026-06-22 10:48:36] [INFO] [8/14] aihw_specialist_homelessness_services: SHS annual report 2024-25 data page
[2026-06-22 10:48:36] [INFO]   discovered links: 138
[2026-06-22 10:48:36] [DEBUG] Fetching https://www.aihw.gov.au/reports-data/downloadable-resources
[2026-06-22 10:48:37] [DEBUG] Fetching https://www.aihw.gov.au/getmedia/6c573334-5d26-456e-abdd-ffcf47e80666/Specialist-homelessness-services-annual-report-2024-25.pdf?v=20260227143417&inline=true
[2026-06-22 10:48:40] [DEBUG] Fetching https://www.aihw.gov.au/getmedia/6c573334-5d26-456e-abdd-ffcf47e80666/Specialist-homelessness-services-annual-report-2024-25.pdf?v=20260227143417\u0026inline=true
[2026-06-22 10:48:41] [INFO] [9/14] aihw_mental_health_regional_activity: Geospatial mental health services activity data
[2026-06-22 10:48:41] [INFO]   discovered links: 118
[2026-06-22 10:48:41] [DEBUG] Fetching https://www.aihw.gov.au/getmedia/f04af158-e8b1-4660-93cc-8fd85eea5a08/Community-mental-health-care-state-and-territory-tables-2023-24.zip
[2026-06-22 10:48:42] [DEBUG] Fetching https://www.aihw.gov.au/getmedia/e733afb1-0cba-4998-be88-86fa9291e621/Medicare-mental-health-service-2024-25.zip
[2026-06-22 10:48:42] [DEBUG] Fetching https://www.aihw.gov.au/getmedia/464b35c8-9573-4a02-a508-0757c66feeb4/Mental-health-related-prescriptions-2024-25.zip
[2026-06-22 10:48:43] [DEBUG] Fetching https://www.aihw.gov.au/getmedia/f9ac2b47-69b7-47f5-a1a2-7e5d1099195b/Mental-health-services-provided-in-emergency-departments-states-and-territories-2023-24.zip
[2026-06-22 10:48:44] [DEBUG] Fetching https://www.aihw.gov.au/getmedia/f0ecc1d6-c8bc-46ce-89ff-bce83ede396d/Mental_health_workforce_2024.zip
[2026-06-22 10:48:44] [DEBUG] Fetching https://www.aihw.gov.au/getmedia/1ed521e7-7ee2-4dc0-98a4-d4f0bd0b027d/Admitted-patient-care-state-and-territory-2023-24-data-files.zip
[2026-06-22 10:48:45] [DEBUG] Fetching https://www.aihw.gov.au/reports-data/downloadable-resources
[2026-06-22 10:48:45] [INFO] [10/14] aihw_mental_health_data_tables: AIHW mental health data tables page
[2026-06-22 10:48:45] [INFO]   discovered links: 177
[2026-06-22 10:48:45] [DEBUG] Fetching https://www.aihw.gov.au/reports-data/downloadable-resources
[2026-06-22 10:48:46] [INFO] [11/14] aihw_mbs_primary_care_geography: Medicare-subsidised GP allied health and specialist services geography page
[2026-06-22 10:48:46] [INFO]   discovered links: 121
[2026-06-22 10:48:46] [DEBUG] Fetching https://www.aihw.gov.au/reports-data/downloadable-resources
[2026-06-22 10:48:46] [DEBUG] Fetching https://www.aihw.gov.au/getmedia/93a8062a-fab2-45f1-917e-c94c20df5933/Medicare-subsidised-GP-allied-health-and-specialist-health-care-across-local-areas.pdf?v=20260326060230&inline=true
[2026-06-22 10:48:47] [DEBUG] Fetching https://www.aihw.gov.au/getmedia/93a8062a-fab2-45f1-917e-c94c20df5933/Medicare-subsidised-GP-allied-health-and-specialist-health-care-across-local-areas.pdf?v=20260326060230\u0026inline=true
[2026-06-22 10:48:48] [INFO] [12/14] ndis_service_area_candidate: NDIS Data Research Explore Data page
[2026-06-22 10:48:48] [INFO]   discovered links: 68
[2026-06-22 10:48:48] [INFO] [13/14] state_health_geography_inventory: NSW Local Health Districts page
[2026-06-22 10:48:48] [INFO]   discovered links: 199
[2026-06-22 10:48:48] [DEBUG] Fetching https://www.health.nsw.gov.au/lhd/Documents/lhd-wall-map.pdf
[2026-06-22 10:48:50] [INFO] [14/14] state_health_geography_inventory: Queensland Hospital and Health Services page
[2026-06-22 10:48:50] [DEBUG] Fetching https://www.health.qld.gov.au/system-governance/health-system/hhs
[2026-06-22 10:48:50] [INFO] Writing CSV: D:\Good Measure\MentalWellbeingbyGeography\outputs\audits\remaining_raw_source_acquisition_register_v13.csv
[2026-06-22 10:48:50] [INFO] Writing CSV: D:\Good Measure\MentalWellbeingbyGeography\outputs\audits\remaining_raw_source_candidate_link_audit_v13.csv
[2026-06-22 10:48:50] [INFO] Writing CSV: D:\Good Measure\MentalWellbeingbyGeography\docs\source_registers\remaining_raw_source_acquisition_register_v13.csv
[2026-06-22 10:48:50] [INFO] Writing CSV: D:\Good Measure\MentalWellbeingbyGeography\outputs\audits\remaining_raw_source_run_audit_v13.csv
[2026-06-22 10:48:50] [INFO] Writing methodology note: D:\Good Measure\MentalWellbeingbyGeography\docs\methodology\remaining_raw_source_acquisition_note_v13.md
[2026-06-22 10:48:50] [INFO] Remaining raw source acquisition complete.
[2026-06-22 10:48:50] [INFO] Summary:
[2026-06-22 10:48:50] [INFO]   source specs: 14
[2026-06-22 10:48:50] [INFO]   downloaded: 0
[2026-06-22 10:48:50] [INFO]   cached existing: 13
[2026-06-22 10:48:50] [INFO]   failed: 1
[2026-06-22 10:48:50] [INFO]   candidate download links discovered: 28
[2026-06-22 10:48:50] [INFO] Next action: inspect remaining_raw_source_acquisition_register_v13.csv and candidate link audit before any processing script.
